[2022-06-27 20:21:35] - BeanFactory id=8ab0e7fc-d4cb-3f8f-afaa-0701497045a4
[2022-06-27 20:21:35] - Creating shared instance of singleton bean 'propertySourcesPlaceholderConfigurer'
[2022-06-27 20:21:35] - Creating shared instance of singleton bean 'org.springframework.boot.test.mock.mockito.MockitoPostProcessor'
[2022-06-27 20:21:35] - Creating shared instance of singleton bean 'org.springframework.boot.sql.init.dependency.DatabaseInitializationDependencyConfigurer$DependsOnDatabaseInitializationPostProcessor'
[2022-06-27 20:21:35] - Creating shared instance of singleton bean 'org.springframework.context.event.internalEventListenerProcessor'
[2022-06-27 20:21:35] - Creating shared instance of singleton bean 'preserveErrorControllerTargetClassPostProcessor'
[2022-06-27 20:21:35] - Creating shared instance of singleton bean 'forceAutoProxyCreatorToUseClassProxying'
[2022-06-27 20:21:35] - Creating shared instance of singleton bean 'org.springframework.context.event.internalEventListenerFactory'
[2022-06-27 20:21:35] - Creating shared instance of singleton bean 'org.springframework.boot.test.mock.mockito.MockitoPostProcessor$SpyPostProcessor'
[2022-06-27 20:21:35] - Creating shared instance of singleton bean 'org.springframework.context.annotation.internalAutowiredAnnotationProcessor'
[2022-06-27 20:21:35] - Creating shared instance of singleton bean 'org.springframework.context.annotation.internalCommonAnnotationProcessor'
[2022-06-27 20:21:35] - Creating shared instance of singleton bean 'org.springframework.boot.context.properties.ConfigurationPropertiesBindingPostProcessor'
[2022-06-27 20:21:35] - Creating shared instance of singleton bean 'org.springframework.boot.context.internalConfigurationPropertiesBinder'
[2022-06-27 20:21:35] - Creating shared instance of singleton bean 'org.springframework.boot.context.internalConfigurationPropertiesBinderFactory'
[2022-06-27 20:21:35] - Creating shared instance of singleton bean 'org.springframework.aop.config.internalAutoProxyCreator'
[2022-06-27 20:21:35] - Creating shared instance of singleton bean 'webServerFactoryCustomizerBeanPostProcessor'
[2022-06-27 20:21:35] - Creating shared instance of singleton bean 'errorPageRegistrarBeanPostProcessor'
[2022-06-27 20:21:35] - Creating shared instance of singleton bean 'configurationPropertiesBeans'
[2022-06-27 20:21:35] - Unable to locate ThemeSource with name 'themeSource': using default [org.springframework.ui.context.support.ResourceBundleThemeSource@76464795]
[2022-06-27 20:21:35] - Creating shared instance of singleton bean 'loggingapplicationApplication'
[2022-06-27 20:21:35] - Creating shared instance of singleton bean 'loggerController'
[2022-06-27 20:21:35] - Creating shared instance of singleton bean 'org.springframework.boot.autoconfigure.AutoConfigurationPackages'
[2022-06-27 20:21:35] - Creating shared instance of singleton bean 'org.springframework.boot.autoconfigure.context.PropertyPlaceholderAutoConfiguration'
[2022-06-27 20:21:35] - Creating shared instance of singleton bean 'org.springframework.boot.autoconfigure.websocket.servlet.WebSocketServletAutoConfiguration$TomcatWebSocketConfiguration'
[2022-06-27 20:21:35] - Creating shared instance of singleton bean 'websocketServletWebServerCustomizer'
[2022-06-27 20:21:35] - Creating shared instance of singleton bean 'org.springframework.boot.autoconfigure.websocket.servlet.WebSocketServletAutoConfiguration'
[2022-06-27 20:21:35] - Creating shared instance of singleton bean 'org.springframework.boot.autoconfigure.web.servlet.ServletWebServerFactoryConfiguration$EmbeddedTomcat'
[2022-06-27 20:21:35] - Creating shared instance of singleton bean 'tomcatServletWebServerFactory'
[2022-06-27 20:21:35] - Creating shared instance of singleton bean 'servletWebServerFactoryCustomizer'
[2022-06-27 20:21:35] - Creating shared instance of singleton bean 'org.springframework.boot.autoconfigure.web.servlet.ServletWebServerFactoryAutoConfiguration'
[2022-06-27 20:21:35] - Creating shared instance of singleton bean 'server-org.springframework.boot.autoconfigure.web.ServerProperties'
[2022-06-27 20:21:35] - Creating shared instance of singleton bean 'org.springframework.boot.context.properties.BoundConfigurationProperties'
[2022-06-27 20:21:35] - Creating shared instance of singleton bean 'defaultsBindHandlerAdvisor'
[2022-06-27 20:21:35] - Creating shared instance of singleton bean 'org.springframework.cloud.commons.config.CommonsConfigAutoConfiguration'
[2022-06-27 20:21:36] - Creating shared instance of singleton bean 'loadBalancerClientsDefaultsMappingsProvider'
[2022-06-27 20:21:36] - Creating shared instance of singleton bean 'org.springframework.cloud.client.loadbalancer.LoadBalancerDefaultMappingsProviderAutoConfiguration'
[2022-06-27 20:21:36] - Autowiring by type from bean name 'defaultsBindHandlerAdvisor' via factory method to bean named 'loadBalancerClientsDefaultsMappingsProvider'
[2022-06-27 20:21:36] - Autowiring by type from bean name 'servletWebServerFactoryCustomizer' via factory method to bean named 'server-org.springframework.boot.autoconfigure.web.ServerProperties'
[2022-06-27 20:21:36] - Creating shared instance of singleton bean 'tomcatServletWebServerFactoryCustomizer'
[2022-06-27 20:21:36] - Autowiring by type from bean name 'tomcatServletWebServerFactoryCustomizer' via factory method to bean named 'server-org.springframework.boot.autoconfigure.web.ServerProperties'
[2022-06-27 20:21:36] - Creating shared instance of singleton bean 'tomcatWebServerFactoryCustomizer'
[2022-06-27 20:21:36] - Creating shared instance of singleton bean 'org.springframework.boot.autoconfigure.web.embedded.EmbeddedWebServerFactoryCustomizerAutoConfiguration$TomcatWebServerFactoryCustomizerConfiguration'
[2022-06-27 20:21:36] - Autowiring by type from bean name 'tomcatWebServerFactoryCustomizer' via factory method to bean named 'environment'
[2022-06-27 20:21:36] - Autowiring by type from bean name 'tomcatWebServerFactoryCustomizer' via factory method to bean named 'server-org.springframework.boot.autoconfigure.web.ServerProperties'
[2022-06-27 20:21:36] - Creating shared instance of singleton bean 'localeCharsetMappingsCustomizer'
[2022-06-27 20:21:36] - Creating shared instance of singleton bean 'org.springframework.boot.autoconfigure.web.servlet.HttpEncodingAutoConfiguration'
[2022-06-27 20:21:36] - Autowiring by type from bean name 'org.springframework.boot.autoconfigure.web.servlet.HttpEncodingAutoConfiguration' via constructor to bean named 'server-org.springframework.boot.autoconfigure.web.ServerProperties'
[2022-06-27 20:21:36] - Creating shared instance of singleton bean 'errorPageCustomizer'
[2022-06-27 20:21:36] - Creating shared instance of singleton bean 'org.springframework.boot.autoconfigure.web.servlet.error.ErrorMvcAutoConfiguration'
[2022-06-27 20:21:36] - Autowiring by type from bean name 'org.springframework.boot.autoconfigure.web.servlet.error.ErrorMvcAutoConfiguration' via constructor to bean named 'server-org.springframework.boot.autoconfigure.web.ServerProperties'
[2022-06-27 20:21:36] - Creating shared instance of singleton bean 'dispatcherServletRegistration'
[2022-06-27 20:21:36] - Creating shared instance of singleton bean 'org.springframework.boot.autoconfigure.web.servlet.DispatcherServletAutoConfiguration$DispatcherServletRegistrationConfiguration'
[2022-06-27 20:21:36] - Creating shared instance of singleton bean 'dispatcherServlet'
[2022-06-27 20:21:36] - Creating shared instance of singleton bean 'org.springframework.boot.autoconfigure.web.servlet.DispatcherServletAutoConfiguration$DispatcherServletConfiguration'
[2022-06-27 20:21:36] - Creating shared instance of singleton bean 'spring.mvc-org.springframework.boot.autoconfigure.web.servlet.WebMvcProperties'
[2022-06-27 20:21:36] - Autowiring by type from bean name 'dispatcherServlet' via factory method to bean named 'spring.mvc-org.springframework.boot.autoconfigure.web.servlet.WebMvcProperties'
[2022-06-27 20:21:36] - Autowiring by type from bean name 'dispatcherServletRegistration' via factory method to bean named 'dispatcherServlet'
[2022-06-27 20:21:36] - Autowiring by type from bean name 'dispatcherServletRegistration' via factory method to bean named 'spring.mvc-org.springframework.boot.autoconfigure.web.servlet.WebMvcProperties'
[2022-06-27 20:21:36] - Creating shared instance of singleton bean 'multipartConfigElement'
[2022-06-27 20:21:36] - Creating shared instance of singleton bean 'org.springframework.boot.autoconfigure.web.servlet.MultipartAutoConfiguration'
[2022-06-27 20:21:36] - Creating shared instance of singleton bean 'spring.servlet.multipart-org.springframework.boot.autoconfigure.web.servlet.MultipartProperties'
[2022-06-27 20:21:36] - Autowiring by type from bean name 'org.springframework.boot.autoconfigure.web.servlet.MultipartAutoConfiguration' via constructor to bean named 'spring.servlet.multipart-org.springframework.boot.autoconfigure.web.servlet.MultipartProperties'
[2022-06-27 20:21:36] - Autowiring by type from bean name 'errorPageCustomizer' via factory method to bean named 'dispatcherServletRegistration'
[2022-06-27 20:21:36] - Creating shared instance of singleton bean 'org.springframework.boot.context.properties.EnableConfigurationPropertiesRegistrar.methodValidationExcludeFilter'
[2022-06-27 20:21:36] - Creating shared instance of singleton bean 'org.springframework.boot.autoconfigure.web.servlet.DispatcherServletAutoConfiguration'
[2022-06-27 20:21:36] - Creating shared instance of singleton bean 'org.springframework.boot.autoconfigure.task.TaskExecutionAutoConfiguration'
[2022-06-27 20:21:36] - Creating shared instance of singleton bean 'taskExecutorBuilder'
[2022-06-27 20:21:36] - Creating shared instance of singleton bean 'spring.task.execution-org.springframework.boot.autoconfigure.task.TaskExecutionProperties'
[2022-06-27 20:21:36] - Autowiring by type from bean name 'taskExecutorBuilder' via factory method to bean named 'spring.task.execution-org.springframework.boot.autoconfigure.task.TaskExecutionProperties'
[2022-06-27 20:21:36] - Creating shared instance of singleton bean 'org.springframework.boot.autoconfigure.web.servlet.error.ErrorMvcAutoConfiguration$WhitelabelErrorViewConfiguration'
[2022-06-27 20:21:36] - Creating shared instance of singleton bean 'error'
[2022-06-27 20:21:36] - Creating shared instance of singleton bean 'beanNameViewResolver'
[2022-06-27 20:21:36] - Creating shared instance of singleton bean 'org.springframework.boot.autoconfigure.web.servlet.error.ErrorMvcAutoConfiguration$DefaultErrorViewResolverConfiguration'
[2022-06-27 20:21:36] - Creating shared instance of singleton bean 'spring.web-org.springframework.boot.autoconfigure.web.WebProperties'
[2022-06-27 20:21:36] - Autowiring by type from bean name 'org.springframework.boot.autoconfigure.web.servlet.error.ErrorMvcAutoConfiguration$DefaultErrorViewResolverConfiguration' via constructor to bean named 'org.springframework.web.context.support.GenericWebApplicationContext@781a9412'
[2022-06-27 20:21:36] - Autowiring by type from bean name 'org.springframework.boot.autoconfigure.web.servlet.error.ErrorMvcAutoConfiguration$DefaultErrorViewResolverConfiguration' via constructor to bean named 'spring.web-org.springframework.boot.autoconfigure.web.WebProperties'
[2022-06-27 20:21:36] - Creating shared instance of singleton bean 'conventionErrorViewResolver'
[2022-06-27 20:21:36] - Creating shared instance of singleton bean 'errorAttributes'
[2022-06-27 20:21:36] - Creating shared instance of singleton bean 'basicErrorController'
[2022-06-27 20:21:36] - Autowiring by type from bean name 'basicErrorController' via factory method to bean named 'errorAttributes'
[2022-06-27 20:21:36] - Creating shared instance of singleton bean 'org.springframework.boot.autoconfigure.web.servlet.WebMvcAutoConfiguration$EnableWebMvcConfiguration'
[2022-06-27 20:21:36] - Autowiring by type from bean name 'org.springframework.boot.autoconfigure.web.servlet.WebMvcAutoConfiguration$EnableWebMvcConfiguration' via constructor to bean named 'spring.mvc-org.springframework.boot.autoconfigure.web.servlet.WebMvcProperties'
[2022-06-27 20:21:36] - Autowiring by type from bean name 'org.springframework.boot.autoconfigure.web.servlet.WebMvcAutoConfiguration$EnableWebMvcConfiguration' via constructor to bean named 'spring.web-org.springframework.boot.autoconfigure.web.WebProperties'
[2022-06-27 20:21:36] - Autowiring by type from bean name 'org.springframework.boot.autoconfigure.web.servlet.WebMvcAutoConfiguration$EnableWebMvcConfiguration' via constructor to bean named 'org.springframework.beans.factory.support.DefaultListableBeanFactory@3c7cfcbb'
