[2022-06-27 20:21:36] - Creating shared instance of singleton bean 'formContentFilter'
[2022-06-27 20:21:37] - Creating shared instance of singleton bean 'org.springframework.boot.autoconfigure.aop.AopAutoConfiguration$ClassProxyingConfiguration'
[2022-06-27 20:21:37] - Creating shared instance of singleton bean 'org.springframework.boot.autoconfigure.aop.AopAutoConfiguration'
[2022-06-27 20:21:37] - Creating shared instance of singleton bean 'org.springframework.boot.autoconfigure.availability.ApplicationAvailabilityAutoConfiguration'
[2022-06-27 20:21:37] - Creating shared instance of singleton bean 'applicationAvailability'
[2022-06-27 20:21:37] - Creating shared instance of singleton bean 'org.springframework.cloud.autoconfigure.RefreshAutoConfiguration'
[2022-06-27 20:21:37] - Creating shared instance of singleton bean 'loggingRebinder'
[2022-06-27 20:21:37] - Creating shared instance of singleton bean 'configDataContextRefresher'
[2022-06-27 20:21:37] - Creating shared instance of singleton bean 'spring.cloud.refresh-org.springframework.cloud.autoconfigure.RefreshAutoConfiguration$RefreshProperties'
[2022-06-27 20:21:37] - Autowiring by type from bean name 'configDataContextRefresher' via factory method to bean named 'org.springframework.web.context.support.GenericWebApplicationContext@781a9412'
[2022-06-27 20:21:37] - Autowiring by type from bean name 'configDataContextRefresher' via factory method to bean named 'refreshScope'
[2022-06-27 20:21:37] - Autowiring by type from bean name 'configDataContextRefresher' via factory method to bean named 'spring.cloud.refresh-org.springframework.cloud.autoconfigure.RefreshAutoConfiguration$RefreshProperties'
[2022-06-27 20:21:37] - Creating shared instance of singleton bean 'refreshEventListener'
[2022-06-27 20:21:37] - Autowiring by type from bean name 'refreshEventListener' via factory method to bean named 'configDataContextRefresher'
[2022-06-27 20:21:37] - Creating shared instance of singleton bean 'org.springframework.boot.autoconfigure.context.ConfigurationPropertiesAutoConfiguration'
[2022-06-27 20:21:37] - Creating shared instance of singleton bean 'org.springframework.boot.autoconfigure.context.LifecycleAutoConfiguration'
[2022-06-27 20:21:37] - Creating shared instance of singleton bean 'lifecycleProcessor'
[2022-06-27 20:21:37] - Creating shared instance of singleton bean 'spring.lifecycle-org.springframework.boot.autoconfigure.context.LifecycleProperties'
[2022-06-27 20:21:37] - Autowiring by type from bean name 'lifecycleProcessor' via factory method to bean named 'spring.lifecycle-org.springframework.boot.autoconfigure.context.LifecycleProperties'
[2022-06-27 20:21:37] - Creating shared instance of singleton bean 'org.springframework.boot.autoconfigure.gson.GsonAutoConfiguration'
[2022-06-27 20:21:37] - Creating shared instance of singleton bean 'gsonBuilder'
[2022-06-27 20:21:37] - Creating shared instance of singleton bean 'standardGsonBuilderCustomizer'
[2022-06-27 20:21:37] - Creating shared instance of singleton bean 'spring.gson-org.springframework.boot.autoconfigure.gson.GsonProperties'
[2022-06-27 20:21:37] - Autowiring by type from bean name 'standardGsonBuilderCustomizer' via factory method to bean named 'spring.gson-org.springframework.boot.autoconfigure.gson.GsonProperties'
[2022-06-27 20:21:37] - Autowiring by type from bean name 'gsonBuilder' via factory method to bean named 'standardGsonBuilderCustomizer'
[2022-06-27 20:21:37] - Creating shared instance of singleton bean 'gson'
[2022-06-27 20:21:37] - Autowiring by type from bean name 'gson' via factory method to bean named 'gsonBuilder'
[2022-06-27 20:21:37] - Creating shared instance of singleton bean 'org.springframework.boot.autoconfigure.http.JacksonHttpMessageConvertersConfiguration'
[2022-06-27 20:21:37] - Creating shared instance of singleton bean 'org.springframework.boot.autoconfigure.http.GsonHttpMessageConvertersConfiguration'
[2022-06-27 20:21:37] - Creating shared instance of singleton bean 'org.springframework.boot.autoconfigure.info.ProjectInfoAutoConfiguration'
[2022-06-27 20:21:37] - Creating shared instance of singleton bean 'spring.info-org.springframework.boot.autoconfigure.info.ProjectInfoProperties'
[2022-06-27 20:21:37] - Autowiring by type from bean name 'org.springframework.boot.autoconfigure.info.ProjectInfoAutoConfiguration' via constructor to bean named 'spring.info-org.springframework.boot.autoconfigure.info.ProjectInfoProperties'
[2022-06-27 20:21:37] - Creating shared instance of singleton bean 'org.springframework.boot.autoconfigure.sql.init.SqlInitializationAutoConfiguration'
[2022-06-27 20:21:37] - Creating shared instance of singleton bean 'spring.sql.init-org.springframework.boot.autoconfigure.sql.init.SqlInitializationProperties'
[2022-06-27 20:21:37] - Creating shared instance of singleton bean 'org.springframework.boot.autoconfigure.task.TaskSchedulingAutoConfiguration'
[2022-06-27 20:21:37] - Creating shared instance of singleton bean 'scheduledBeanLazyInitializationExcludeFilter'
[2022-06-27 20:21:37] - Creating shared instance of singleton bean 'taskSchedulerBuilder'
[2022-06-27 20:21:37] - Creating shared instance of singleton bean 'spring.task.scheduling-org.springframework.boot.autoconfigure.task.TaskSchedulingProperties'
[2022-06-27 20:21:37] - Autowiring by type from bean name 'taskSchedulerBuilder' via factory method to bean named 'spring.task.scheduling-org.springframework.boot.autoconfigure.task.TaskSchedulingProperties'
[2022-06-27 20:21:37] - Creating shared instance of singleton bean 'org.springframework.boot.autoconfigure.web.client.RestTemplateAutoConfiguration'
[2022-06-27 20:21:37] - Creating shared instance of singleton bean 'org.springframework.boot.autoconfigure.web.embedded.EmbeddedWebServerFactoryCustomizerAutoConfiguration'
[2022-06-27 20:21:37] - Creating shared instance of singleton bean 'characterEncodingFilter'
[2022-06-27 20:21:37] - Creating shared instance of singleton bean 'multipartResolver'
[2022-06-27 20:21:37] - Creating shared instance of singleton bean 'org.springframework.cloud.autoconfigure.ConfigurationPropertiesRebinderAutoConfiguration'
[2022-06-27 20:21:37] - Creating shared instance of singleton bean 'configurationPropertiesRebinder'
[2022-06-27 20:21:37] - Autowiring by type from bean name 'configurationPropertiesRebinder' via factory method to bean named 'configurationPropertiesBeans'
[2022-06-27 20:21:37] - Creating shared instance of singleton bean 'org.springframework.cloud.autoconfigure.LifecycleMvcEndpointAutoConfiguration'
[2022-06-27 20:21:37] - Creating shared instance of singleton bean 'environmentManager'
[2022-06-27 20:21:37] - Autowiring by type from bean name 'environmentManager' via factory method to bean named 'environment'
[2022-06-27 20:21:37] - Creating shared instance of singleton bean 'org.springframework.cloud.client.discovery.composite.CompositeDiscoveryClientAutoConfiguration'
[2022-06-27 20:21:37] - Creating shared instance of singleton bean 'compositeDiscoveryClient'
[2022-06-27 20:21:37] - Creating shared instance of singleton bean 'simpleDiscoveryClient'
[2022-06-27 20:21:37] - Creating shared instance of singleton bean 'org.springframework.cloud.client.discovery.simple.SimpleDiscoveryClientAutoConfiguration'
[2022-06-27 20:21:37] - Creating shared instance of singleton bean 'inetUtils'
[2022-06-27 20:21:37] - Creating shared instance of singleton bean 'org.springframework.cloud.commons.util.UtilAutoConfiguration'
[2022-06-27 20:21:37] - Creating shared instance of singleton bean 'inetUtilsProperties'
[2022-06-27 20:21:37] - Autowiring by type from bean name 'inetUtils' via factory method to bean named 'inetUtilsProperties'
[2022-06-27 20:21:37] - Creating shared instance of singleton bean 'simpleDiscoveryProperties'
[2022-06-27 20:21:37] - Found key 'spring.application.name' in PropertySource 'environmentProperties' with value of type String
[2022-06-27 20:21:37] - Autowiring by type from bean name 'simpleDiscoveryClient' via factory method to bean named 'simpleDiscoveryProperties'
[2022-06-27 20:21:37] - Creating shared instance of singleton bean 'discoveryClient'
[2022-06-27 20:21:37] - Creating shared instance of singleton bean 'org.springframework.cloud.netflix.eureka.EurekaDiscoveryClientConfiguration'
[2022-06-27 20:21:37] - Creating shared instance of singleton bean 'eurekaClient'
[2022-06-27 20:21:37] - Creating shared instance of singleton bean 'eurekaClientConfigBean'
[2022-06-27 20:21:37] - Creating shared instance of singleton bean 'org.springframework.cloud.netflix.eureka.EurekaClientAutoConfiguration'
[2022-06-27 20:21:37] - Autowiring by type from bean name 'org.springframework.cloud.netflix.eureka.EurekaClientAutoConfiguration' via constructor to bean named 'environment'
[2022-06-27 20:21:37] - Autowiring by type from bean name 'eurekaClientConfigBean' via factory method to bean named 'environment'
[2022-06-27 20:21:37] - Autowiring by type from bean name 'discoveryClient' via factory method to bean named 'eurekaClient'
[2022-06-27 20:21:37] - Autowiring by type from bean name 'discoveryClient' via factory method to bean named 'eurekaClientConfigBean'
[2022-06-27 20:21:37] - Autowiring by type from bean name 'compositeDiscoveryClient' via factory method to bean named 'simpleDiscoveryClient'
[2022-06-27 20:21:37] - Autowiring by type from bean name 'compositeDiscoveryClient' via factory method to bean named 'discoveryClient'
[2022-06-27 20:21:37] - Creating shared instance of singleton bean 'org.springframework.cloud.netflix.eureka.config.DiscoveryClientOptionalArgsConfiguration'
[2022-06-27 20:21:37] - Creating shared instance of singleton bean 'tlsProperties'
[2022-06-27 20:21:37] - Creating shared instance of singleton bean 'restTemplateDiscoveryClientOptionalArgs'
[2022-06-27 20:21:37] - Creating shared instance of singleton bean 'defaultEurekaClientHttpRequestFactorySupplier'
[2022-06-27 20:21:37] - Autowiring by type from bean name 'restTemplateDiscoveryClientOptionalArgs' via factory method to bean named 'tlsProperties'
[2022-06-27 20:21:37] - Autowiring by type from bean name 'restTemplateDiscoveryClientOptionalArgs' via factory method to bean named 'defaultEurekaClientHttpRequestFactorySupplier'
[2022-06-27 20:21:37] - Eureka HTTP Client uses RestTemplate.
[2022-06-27 20:21:37] - Creating shared instance of singleton bean 'org.springframework.cloud.netflix.eureka.EurekaDiscoveryClientConfiguration$EurekaClientConfigurationRefresher'
[2022-06-27 20:21:37] - Creating shared instance of singleton bean 'eurekaAutoServiceRegistration'
[2022-06-27 20:21:37] - Creating shared instance of singleton bean 'eurekaServiceRegistry'
[2022-06-27 20:21:37] - Creating shared instance of singleton bean 'eurekaRegistration'
[2022-06-27 20:21:37] - Autowiring by type from bean name 'eurekaAutoServiceRegistration' via factory method to bean named 'org.springframework.web.context.support.GenericWebApplicationContext@781a9412'
[2022-06-27 20:21:37] - Autowiring by type from bean name 'eurekaAutoServiceRegistration' via factory method to bean named 'eurekaServiceRegistry'
[2022-06-27 20:21:37] - Autowiring by type from bean name 'eurekaAutoServiceRegistration' via factory method to bean named 'eurekaRegistration'
[2022-06-27 20:21:37] - Creating shared instance of singleton bean 'org.springframework.cloud.client.serviceregistry.AutoServiceRegistrationConfiguration'
[2022-06-27 20:21:37] - Creating shared instance of singleton bean 'spring.cloud.service-registry.auto-registration-org.springframework.cloud.client.serviceregistry.AutoServiceRegistrationProperties'
[2022-06-27 20:21:37] - Creating shared instance of singleton bean 'org.springframework.cloud.client.serviceregistry.AutoServiceRegistrationAutoConfiguration'
[2022-06-27 20:21:37] - Creating shared instance of singleton bean 'org.springframework.cloud.netflix.eureka.EurekaClientAutoConfiguration$RefreshableEurekaClientConfiguration'
[2022-06-27 20:21:37] - Creating shared instance of singleton bean 'eurekaApplicationInfoManager'
[2022-06-27 20:21:37] - Creating shared instance of singleton bean 'eurekaFeature'
[2022-06-27 20:21:37] - Creating shared instance of singleton bean 'serviceManagementMetadataProvider'
[2022-06-27 20:21:37] - Creating shared instance of singleton bean 'eurekaInstanceConfigBean'
[2022-06-27 20:21:37] - Autowiring by type from bean name 'eurekaInstanceConfigBean' via factory method to bean named 'inetUtils'
[2022-06-27 20:21:37] - Autowiring by type from bean name 'eurekaInstanceConfigBean' via factory method to bean named 'serviceManagementMetadataProvider'
[2022-06-27 20:21:37] - Constructed eureka meta-data healthcheckUrl: http://192.168.0.75:8001/actuator/health
