[2022-06-27 20:21:39] - Retrieved ApplicationContext [2015007762] from cache with key [[WebMergedContextConfiguration@3bd7f8dc testClass = LoggingapplicationApplicationTests, locations = '{}', classes = '{class inspired.gaming.loggingapplication.LoggingapplicationApplication}', contextInitializerClasses = '[]', activeProfiles = '{}', propertySourceLocations = '{}', propertySourceProperties = '{org.springframework.boot.test.context.SpringBootTestContextBootstrapper=true}', contextCustomizers = set[org.springframework.boot.test.context.filter.ExcludeFilterContextCustomizer@5629510, org.springframework.boot.test.json.DuplicateJsonObjectContextCustomizerFactory$DuplicateJsonObjectContextCustomizer@62727399, org.springframework.boot.test.mock.mockito.MockitoContextCustomizer@0, org.springframework.boot.test.web.client.TestRestTemplateContextCustomizer@7203c7ff, org.springframework.boot.test.autoconfigure.actuate.metrics.MetricsExportContextCustomizerFactory$DisableMetricExportContextCustomizer@2fc6f97f, org.springframework.boot.test.autoconfigure.properties.PropertyMappingContextCustomizer@0, org.springframework.boot.test.autoconfigure.web.servlet.WebDriverContextCustomizerFactory$Customizer@906d29b, org.springframework.boot.test.context.SpringBootTestArgs@1, org.springframework.boot.test.context.SpringBootTestWebEnvironment@7714e963], resourceBasePath = 'src/main/webapp', contextLoader = 'org.springframework.boot.test.context.SpringBootContextLoader', parent = [null]]]
[2022-06-27 20:21:39] - Spring test ApplicationContext cache statistics: [DefaultContextCache@7769d9b6 size = 1, maxSize = 32, parentContextCount = 0, hitCount = 2, missCount = 1]
[2022-06-27 20:21:39] - CookieSpec selected: default
[2022-06-27 20:21:39] - Auth cache not set in the context
[2022-06-27 20:21:39] - Connection request: [route: {}->http://localhost:8761][total available: 0; route allocated: 0 of 2; total allocated: 0 of 20]
[2022-06-27 20:21:39] - Connection leased: [id: 1][route: {}->http://localhost:8761][total available: 0; route allocated: 1 of 2; total allocated: 1 of 20]
[2022-06-27 20:21:39] - Opening connection {}->http://localhost:8761
[2022-06-27 20:21:39] - Connecting to localhost/127.0.0.1:8761
[2022-06-27 20:21:39] - Connection established 127.0.0.1:59982<->127.0.0.1:8761
[2022-06-27 20:21:39] - Executing request POST /eureka/apps/LOGGINGAPPLICATION HTTP/1.1
[2022-06-27 20:21:39] - Target auth state: UNCHALLENGED
[2022-06-27 20:21:39] - Proxy auth state: UNCHALLENGED
[2022-06-27 20:21:39] - http-outgoing-1 >> POST /eureka/apps/LOGGINGAPPLICATION HTTP/1.1
[2022-06-27 20:21:39] - http-outgoing-1 >> Accept: application/json, application/*+json
[2022-06-27 20:21:39] - http-outgoing-1 >> Accept-Encoding: gzip
[2022-06-27 20:21:39] - http-outgoing-1 >> Content-Type: application/json
[2022-06-27 20:21:39] - http-outgoing-1 >> Content-Length: 1008
[2022-06-27 20:21:39] - http-outgoing-1 >> Host: localhost:8761
[2022-06-27 20:21:39] - http-outgoing-1 >> Connection: Keep-Alive
[2022-06-27 20:21:39] - http-outgoing-1 >> User-Agent: Apache-HttpClient/4.5.13 (Java/18.0.1)
[2022-06-27 20:21:39] - http-outgoing-1 >> "POST /eureka/apps/LOGGINGAPPLICATION HTTP/1.1[\r][\n]"
[2022-06-27 20:21:39] - http-outgoing-1 >> "Accept: application/json, application/*+json[\r][\n]"
[2022-06-27 20:21:39] - http-outgoing-1 >> "Accept-Encoding: gzip[\r][\n]"
[2022-06-27 20:21:39] - http-outgoing-1 >> "Content-Type: application/json[\r][\n]"
[2022-06-27 20:21:39] - http-outgoing-1 >> "Content-Length: 1008[\r][\n]"
[2022-06-27 20:21:39] - http-outgoing-1 >> "Host: localhost:8761[\r][\n]"
[2022-06-27 20:21:39] - http-outgoing-1 >> "Connection: Keep-Alive[\r][\n]"
[2022-06-27 20:21:39] - http-outgoing-1 >> "User-Agent: Apache-HttpClient/4.5.13 (Java/18.0.1)[\r][\n]"
[2022-06-27 20:21:39] - http-outgoing-1 >> "[\r][\n]"
[2022-06-27 20:21:39] - http-outgoing-1 >> "{"instance":{"instanceId":"192.168.0.75:loggingapplication:8001","app":"LOGGINGAPPLICATION","appGroupName":null,"ipAddr":"192.168.0.75","sid":"na","homePageUrl":"http://192.168.0.75:8001/","statusPageUrl":"http://192.168.0.75:8001/actuator/info","healthCheckUrl":"http://192.168.0.75:8001/actuator/health","secureHealthCheckUrl":null,"vipAddress":"loggingapplication","secureVipAddress":"loggingapplication","countryId":1,"dataCenterInfo":{"@class":"com.netflix.appinfo.InstanceInfo$DefaultDataCenterInfo","name":"MyOwn"},"hostName":"192.168.0.75","status":"UP","overriddenStatus":"UNKNOWN","leaseInfo":{"renewalIntervalInSecs":30,"durationInSecs":90,"registrationTimestamp":0,"lastRenewalTimestamp":0,"evictionTimestamp":0,"serviceUpTimestamp":0},"isCoordinatingDiscoveryServer":false,"lastUpdatedTimestamp":1656357697977,"lastDirtyTimestamp":1656357698984,"actionType":null,"asgName":null,"port":{"$":8001,"@enabled":"true"},"securePort":{"$":443,"@enabled":"false"},"metadata":{"management.port":"8001"}}}"
[2022-06-27 20:21:39] - Before test method: context [DefaultTestContext@6cea706c testClass = LoggingapplicationApplicationTests, testInstance = inspired.gaming.loggingapplication.LoggingapplicationApplicationTests@636e4bf8, testMethod = contextLoads@LoggingapplicationApplicationTests, testException = [null], mergedContextConfiguration = [WebMergedContextConfiguration@3bd7f8dc testClass = LoggingapplicationApplicationTests, locations = '{}', classes = '{class inspired.gaming.loggingapplication.LoggingapplicationApplication}', contextInitializerClasses = '[]', activeProfiles = '{}', propertySourceLocations = '{}', propertySourceProperties = '{org.springframework.boot.test.context.SpringBootTestContextBootstrapper=true}', contextCustomizers = set[org.springframework.boot.test.context.filter.ExcludeFilterContextCustomizer@5629510, org.springframework.boot.test.json.DuplicateJsonObjectContextCustomizerFactory$DuplicateJsonObjectContextCustomizer@62727399, org.springframework.boot.test.mock.mockito.MockitoContextCustomizer@0, org.springframework.boot.test.web.client.TestRestTemplateContextCustomizer@7203c7ff, org.springframework.boot.test.autoconfigure.actuate.metrics.MetricsExportContextCustomizerFactory$DisableMetricExportContextCustomizer@2fc6f97f, org.springframework.boot.test.autoconfigure.properties.PropertyMappingContextCustomizer@0, org.springframework.boot.test.autoconfigure.web.servlet.WebDriverContextCustomizerFactory$Customizer@906d29b, org.springframework.boot.test.context.SpringBootTestArgs@1, org.springframework.boot.test.context.SpringBootTestWebEnvironment@7714e963], resourceBasePath = 'src/main/webapp', contextLoader = 'org.springframework.boot.test.context.SpringBootContextLoader', parent = [null]], attributes = map['org.springframework.test.context.web.ServletTestExecutionListener.activateListener' -> true, 'org.springframework.test.context.web.ServletTestExecutionListener.populatedRequestContextHolder' -> true, 'org.springframework.test.context.web.ServletTestExecutionListener.resetRequestContextHolder' -> true, 'org.springframework.test.context.event.ApplicationEventsTestExecutionListener.recordApplicationEvents' -> false]], class annotated with @DirtiesContext [false] with mode [null], method annotated with @DirtiesContext [false] with mode [null].
[2022-06-27 20:21:39] - Retrieved ApplicationContext [2015007762] from cache with key [[WebMergedContextConfiguration@3bd7f8dc testClass = LoggingapplicationApplicationTests, locations = '{}', classes = '{class inspired.gaming.loggingapplication.LoggingapplicationApplication}', contextInitializerClasses = '[]', activeProfiles = '{}', propertySourceLocations = '{}', propertySourceProperties = '{org.springframework.boot.test.context.SpringBootTestContextBootstrapper=true}', contextCustomizers = set[org.springframework.boot.test.context.filter.ExcludeFilterContextCustomizer@5629510, org.springframework.boot.test.json.DuplicateJsonObjectContextCustomizerFactory$DuplicateJsonObjectContextCustomizer@62727399, org.springframework.boot.test.mock.mockito.MockitoContextCustomizer@0, org.springframework.boot.test.web.client.TestRestTemplateContextCustomizer@7203c7ff, org.springframework.boot.test.autoconfigure.actuate.metrics.MetricsExportContextCustomizerFactory$DisableMetricExportContextCustomizer@2fc6f97f, org.springframework.boot.test.autoconfigure.properties.PropertyMappingContextCustomizer@0, org.springframework.boot.test.autoconfigure.web.servlet.WebDriverContextCustomizerFactory$Customizer@906d29b, org.springframework.boot.test.context.SpringBootTestArgs@1, org.springframework.boot.test.context.SpringBootTestWebEnvironment@7714e963], resourceBasePath = 'src/main/webapp', contextLoader = 'org.springframework.boot.test.context.SpringBootContextLoader', parent = [null]]]
[2022-06-27 20:21:39] - Spring test ApplicationContext cache statistics: [DefaultContextCache@7769d9b6 size = 1, maxSize = 32, parentContextCount = 0, hitCount = 3, missCount = 1]
[2022-06-27 20:21:39] - Retrieved ApplicationContext [2015007762] from cache with key [[WebMergedContextConfiguration@3bd7f8dc testClass = LoggingapplicationApplicationTests, locations = '{}', classes = '{class inspired.gaming.loggingapplication.LoggingapplicationApplication}', contextInitializerClasses = '[]', activeProfiles = '{}', propertySourceLocations = '{}', propertySourceProperties = '{org.springframework.boot.test.context.SpringBootTestContextBootstrapper=true}', contextCustomizers = set[org.springframework.boot.test.context.filter.ExcludeFilterContextCustomizer@5629510, org.springframework.boot.test.json.DuplicateJsonObjectContextCustomizerFactory$DuplicateJsonObjectContextCustomizer@62727399, org.springframework.boot.test.mock.mockito.MockitoContextCustomizer@0, org.springframework.boot.test.web.client.TestRestTemplateContextCustomizer@7203c7ff, org.springframework.boot.test.autoconfigure.actuate.metrics.MetricsExportContextCustomizerFactory$DisableMetricExportContextCustomizer@2fc6f97f, org.springframework.boot.test.autoconfigure.properties.PropertyMappingContextCustomizer@0, org.springframework.boot.test.autoconfigure.web.servlet.WebDriverContextCustomizerFactory$Customizer@906d29b, org.springframework.boot.test.context.SpringBootTestArgs@1, org.springframework.boot.test.context.SpringBootTestWebEnvironment@7714e963], resourceBasePath = 'src/main/webapp', contextLoader = 'org.springframework.boot.test.context.SpringBootContextLoader', parent = [null]]]
[2022-06-27 20:21:39] - Spring test ApplicationContext cache statistics: [DefaultContextCache@7769d9b6 size = 1, maxSize = 32, parentContextCount = 0, hitCount = 4, missCount = 1]
[2022-06-27 20:21:39] - http-outgoing-1 << "HTTP/1.1 204 [\r][\n]"
[2022-06-27 20:21:39] - http-outgoing-1 << "Content-Type: application/json[\r][\n]"
[2022-06-27 20:21:39] - http-outgoing-1 << "Date: Mon, 27 Jun 2022 19:21:38 GMT[\r][\n]"
[2022-06-27 20:21:39] - http-outgoing-1 << "Keep-Alive: timeout=60[\r][\n]"
[2022-06-27 20:21:39] - http-outgoing-1 << "Connection: keep-alive[\r][\n]"
[2022-06-27 20:21:39] - http-outgoing-1 << "[\r][\n]"
[2022-06-27 20:21:39] - http-outgoing-1 << HTTP/1.1 204 
[2022-06-27 20:21:39] - http-outgoing-1 << Content-Type: application/json
[2022-06-27 20:21:39] - http-outgoing-1 << Date: Mon, 27 Jun 2022 19:21:38 GMT
[2022-06-27 20:21:39] - http-outgoing-1 << Keep-Alive: timeout=60
[2022-06-27 20:21:39] - http-outgoing-1 << Connection: keep-alive
[2022-06-27 20:21:39] - Connection can be kept alive for 60000 MILLISECONDS
[2022-06-27 20:21:39] - Connection [id: 1][route: {}->http://localhost:8761] can be kept alive for 60.0 seconds
[2022-06-27 20:21:39] - http-outgoing-1: set socket timeout to 0
[2022-06-27 20:21:39] - Connection released: [id: 1][route: {}->http://localhost:8761][total available: 1; route allocated: 1 of 2; total allocated: 1 of 20]
[2022-06-27 20:21:39] - Response 204 NO_CONTENT
[2022-06-27 20:21:39] - Pinning to endpoint null
[2022-06-27 20:21:39] - DiscoveryClient_LOGGINGAPPLICATION/192.168.0.75:loggingapplication:8001 - registration status: 204
