[2022-06-27 19:59:05] - Constructed eureka meta-data statusPageUrl: http://192.168.0.75:8001/actuator/info
[2022-06-27 19:59:05] - Creating shared instance of singleton bean 'org.springframework.cloud.client.CommonsClientAutoConfiguration'
[2022-06-27 19:59:05] - Creating shared instance of singleton bean 'org.springframework.cloud.client.ReactiveCommonsClientAutoConfiguration'
[2022-06-27 19:59:05] - Creating shared instance of singleton bean 'org.springframework.cloud.loadbalancer.config.LoadBalancerAutoConfiguration'
[2022-06-27 19:59:05] - Creating shared instance of singleton bean 'zoneConfig'
[2022-06-27 19:59:05] - Autowiring by type from bean name 'zoneConfig' via factory method to bean named 'environment'
[2022-06-27 19:59:05] - Creating shared instance of singleton bean 'loadBalancerClientFactory'
[2022-06-27 19:59:05] - Creating shared instance of singleton bean 'spring.cloud.loadbalancer-org.springframework.cloud.client.loadbalancer.LoadBalancerClientsProperties'
[2022-06-27 19:59:05] - Autowiring by type from bean name 'loadBalancerClientFactory' via factory method to bean named 'spring.cloud.loadbalancer-org.springframework.cloud.client.loadbalancer.LoadBalancerClientsProperties'
[2022-06-27 19:59:05] - Creating shared instance of singleton bean 'default.org.springframework.cloud.loadbalancer.config.LoadBalancerAutoConfiguration.LoadBalancerClientSpecification'
[2022-06-27 19:59:05] - Creating shared instance of singleton bean 'default.org.springframework.cloud.loadbalancer.config.BlockingLoadBalancerClientAutoConfiguration.LoadBalancerClientSpecification'
[2022-06-27 19:59:05] - Creating shared instance of singleton bean 'default.org.springframework.cloud.netflix.eureka.loadbalancer.LoadBalancerEurekaAutoConfiguration.LoadBalancerClientSpecification'
[2022-06-27 19:59:05] - Creating shared instance of singleton bean 'org.springframework.cloud.loadbalancer.config.BlockingLoadBalancerClientAutoConfiguration'
[2022-06-27 19:59:05] - Creating shared instance of singleton bean 'blockingLoadBalancerClient'
[2022-06-27 19:59:05] - Autowiring by type from bean name 'blockingLoadBalancerClient' via factory method to bean named 'loadBalancerClientFactory'
[2022-06-27 19:59:05] - Creating shared instance of singleton bean 'loadBalancerServiceInstanceCookieTransformer'
[2022-06-27 19:59:05] - Autowiring by type from bean name 'loadBalancerServiceInstanceCookieTransformer' via factory method to bean named 'loadBalancerClientFactory'
[2022-06-27 19:59:05] - Creating shared instance of singleton bean 'xForwarderHeadersTransformer'
[2022-06-27 19:59:05] - Autowiring by type from bean name 'xForwarderHeadersTransformer' via factory method to bean named 'loadBalancerClientFactory'
[2022-06-27 19:59:05] - Creating shared instance of singleton bean 'org.springframework.cloud.client.loadbalancer.AsyncLoadBalancerAutoConfiguration$LoadBalancerInterceptorConfig'
[2022-06-27 19:59:05] - Creating shared instance of singleton bean 'asyncLoadBalancerInterceptor'
[2022-06-27 19:59:05] - Autowiring by type from bean name 'asyncLoadBalancerInterceptor' via factory method to bean named 'blockingLoadBalancerClient'
[2022-06-27 19:59:05] - Creating shared instance of singleton bean 'asyncRestTemplateCustomizer'
[2022-06-27 19:59:05] - Autowiring by type from bean name 'asyncRestTemplateCustomizer' via factory method to bean named 'asyncLoadBalancerInterceptor'
[2022-06-27 19:59:05] - Creating shared instance of singleton bean 'org.springframework.cloud.client.loadbalancer.AsyncLoadBalancerAutoConfiguration$AsyncRestTemplateCustomizerConfig'
[2022-06-27 19:59:05] - Creating shared instance of singleton bean 'loadBalancedAsyncRestTemplateInitializer'
[2022-06-27 19:59:05] - Autowiring by type from bean name 'loadBalancedAsyncRestTemplateInitializer' via factory method to bean named 'asyncRestTemplateCustomizer'
[2022-06-27 19:59:05] - Creating shared instance of singleton bean 'org.springframework.cloud.client.loadbalancer.AsyncLoadBalancerAutoConfiguration'
[2022-06-27 19:59:05] - Creating shared instance of singleton bean 'org.springframework.cloud.client.loadbalancer.LoadBalancerAutoConfiguration$LoadBalancerInterceptorConfig'
[2022-06-27 19:59:05] - Creating shared instance of singleton bean 'loadBalancerInterceptor'
[2022-06-27 19:59:05] - Creating shared instance of singleton bean 'loadBalancerRequestFactory'
[2022-06-27 19:59:05] - Creating shared instance of singleton bean 'org.springframework.cloud.client.loadbalancer.LoadBalancerAutoConfiguration'
[2022-06-27 19:59:05] - Autowiring by type from bean name 'loadBalancerRequestFactory' via factory method to bean named 'blockingLoadBalancerClient'
[2022-06-27 19:59:05] - Autowiring by type from bean name 'loadBalancerInterceptor' via factory method to bean named 'blockingLoadBalancerClient'
[2022-06-27 19:59:05] - Autowiring by type from bean name 'loadBalancerInterceptor' via factory method to bean named 'loadBalancerRequestFactory'
[2022-06-27 19:59:05] - Creating shared instance of singleton bean 'restTemplateCustomizer'
[2022-06-27 19:59:05] - Autowiring by type from bean name 'restTemplateCustomizer' via factory method to bean named 'loadBalancerInterceptor'
[2022-06-27 19:59:05] - Creating shared instance of singleton bean 'loadBalancedRestTemplateInitializerDeprecated'
[2022-06-27 19:59:05] - Creating shared instance of singleton bean 'org.springframework.cloud.client.serviceregistry.ServiceRegistryAutoConfiguration'
[2022-06-27 19:59:05] - Creating shared instance of singleton bean 'org.springframework.cloud.commons.httpclient.HttpClientConfiguration$ApacheHttpClientConfiguration'
[2022-06-27 19:59:05] - Creating shared instance of singleton bean 'connManFactory'
[2022-06-27 19:59:05] - Creating shared instance of singleton bean 'apacheHttpClientBuilder'
[2022-06-27 19:59:05] - Creating shared instance of singleton bean 'apacheHttpClientFactory'
[2022-06-27 19:59:05] - Autowiring by type from bean name 'apacheHttpClientFactory' via factory method to bean named 'apacheHttpClientBuilder'
[2022-06-27 19:59:05] - Creating shared instance of singleton bean 'org.springframework.cloud.commons.httpclient.HttpClientConfiguration'
[2022-06-27 19:59:05] - Creating shared instance of singleton bean 'org.springframework.cloud.configuration.CompatibilityVerifierAutoConfiguration'
[2022-06-27 19:59:05] - Creating shared instance of singleton bean 'compositeCompatibilityVerifier'
[2022-06-27 19:59:05] - Creating shared instance of singleton bean 'springBootVersionVerifier'
[2022-06-27 19:59:05] - Creating shared instance of singleton bean 'spring.cloud.compatibility-verifier-org.springframework.cloud.configuration.CompatibilityVerifierProperties'
[2022-06-27 19:59:05] - Autowiring by type from bean name 'springBootVersionVerifier' via factory method to bean named 'spring.cloud.compatibility-verifier-org.springframework.cloud.configuration.CompatibilityVerifierProperties'
[2022-06-27 19:59:05] - Autowiring by type from bean name 'compositeCompatibilityVerifier' via factory method to bean named 'springBootVersionVerifier'
[2022-06-27 19:59:05] - Version found in Boot manifest [2.7.1]
[2022-06-27 19:59:05] - Version found in Boot manifest [2.7.1]
[2022-06-27 19:59:05] - All conditions are passing
[2022-06-27 19:59:05] - Creating shared instance of singleton bean 'org.springframework.cloud.loadbalancer.config.LoadBalancerCacheAutoConfiguration$DefaultLoadBalancerCacheManagerConfiguration'
[2022-06-27 19:59:05] - Creating shared instance of singleton bean 'defaultLoadBalancerCacheManager'
[2022-06-27 19:59:05] - Creating shared instance of singleton bean 'spring.cloud.loadbalancer.cache-org.springframework.cloud.loadbalancer.cache.LoadBalancerCacheProperties'
[2022-06-27 19:59:05] - Autowiring by type from bean name 'defaultLoadBalancerCacheManager' via factory method to bean named 'spring.cloud.loadbalancer.cache-org.springframework.cloud.loadbalancer.cache.LoadBalancerCacheProperties'
[2022-06-27 19:59:05] - Creating shared instance of singleton bean 'org.springframework.cloud.loadbalancer.config.LoadBalancerCacheAutoConfiguration$LoadBalancerCacheManagerWarnConfiguration'
[2022-06-27 19:59:05] - Creating shared instance of singleton bean 'caffeineWarnLogger'
[2022-06-27 19:59:05] - Spring Cloud LoadBalancer is currently working with the default cache. While this cache implementation is useful for development and tests, it's recommended to use Caffeine cache in production.You can switch to using Caffeine cache, by adding it and org.springframework.cache.caffeine.CaffeineCacheManager to the classpath.
[2022-06-27 19:59:05] - Creating shared instance of singleton bean 'org.springframework.cloud.loadbalancer.config.LoadBalancerCacheAutoConfiguration'
[2022-06-27 19:59:05] - Creating shared instance of singleton bean 'org.springframework.cloud.netflix.eureka.loadbalancer.LoadBalancerEurekaAutoConfiguration'
[2022-06-27 19:59:05] - Creating shared instance of singleton bean 'eurekaLoadBalancerProperties'
[2022-06-27 19:59:05] - Starting beans in phase 0
[2022-06-27 19:59:05] - Autowiring by type from bean name 'scopedTarget.eurekaRegistration' via factory method to bean named 'eurekaClient'
[2022-06-27 19:59:05] - Autowiring by type from bean name 'scopedTarget.eurekaRegistration' via factory method to bean named 'eurekaInstanceConfigBean'
[2022-06-27 19:59:05] - Autowiring by type from bean name 'scopedTarget.eurekaRegistration' via factory method to bean named 'eurekaApplicationInfoManager'
[2022-06-27 19:59:05] - Autowiring by type from bean name 'scopedTarget.eurekaApplicationInfoManager' via factory method to bean named 'eurekaInstanceConfigBean'
[2022-06-27 19:59:05] - Setting initial instance status as: STARTING
[2022-06-27 19:59:05] - Autowiring by type from bean name 'scopedTarget.eurekaClient' via factory method to bean named 'eurekaApplicationInfoManager'
[2022-06-27 19:59:05] - Autowiring by type from bean name 'scopedTarget.eurekaClient' via factory method to bean named 'eurekaClientConfigBean'
[2022-06-27 19:59:05] - Autowiring by type from bean name 'scopedTarget.eurekaClient' via factory method to bean named 'eurekaInstanceConfigBean'
[2022-06-27 19:59:05] - Initializing Eureka in region us-east-1
[2022-06-27 19:59:05] - Resolving eureka endpoints via configuration
[2022-06-27 19:59:05] - The availability zone for the given region us-east-1 are [defaultZone]
[2022-06-27 19:59:05] - Config resolved to [AwsEndpoint{ serviceUrl='http://localhost:8761/eureka/', region='us-east-1', zone='defaultZone'}]
[2022-06-27 19:59:05] - Local zone=defaultZone; resolved to: [AwsEndpoint{ serviceUrl='http://localhost:8761/eureka/', region='us-east-1', zone='defaultZone'}]
[2022-06-27 19:59:05] - Disable delta property : false
[2022-06-27 19:59:05] - Single vip registry refresh property : null
[2022-06-27 19:59:05] - Force full registry fetch : false
[2022-06-27 19:59:05] - Application is null : false
[2022-06-27 19:59:05] - Registered Applications size is zero : true
[2022-06-27 19:59:05] - Application version is -1: true
[2022-06-27 19:59:05] - Getting all instance registry info from the eureka server
[2022-06-27 19:59:05] - Ending a session and starting anew
[2022-06-27 19:59:06] - Connection manager is shutting down
