[2022-06-27 20:15:33] - http-outgoing-3 << "[\r][\n]"
[2022-06-27 20:15:33] - http-outgoing-3 << "[0x1f][0x8b][0x8][0x0][0x0][0x0][0x0][0x0][0x0][0xff][0xab]VJ,([0xc8][0xc9]LN,[0xc9][0xcc][0xcf]+V[0xb2][0xaa]V*K-*[0x6][0xb1][0xe3][0xe3]SRsJ[0x12][0x95][0xac][0x94][0xcc][0x94]t@[0xaa][0x80]"[0x19][0x89][0xc5][0x19][0xc9][0xf9])[0xa9]@[0xc1][0xd0][0x80]x[0xa3]x[0x88][0x4]L[0xbb][0x92]Utlm-[0x0]Q[0xfb][0xda]$R[0x0][0x0][0x0]"
[2022-06-27 20:15:33] - http-outgoing-3 << HTTP/1.1 200 
[2022-06-27 20:15:33] - http-outgoing-3 << Content-Encoding: gzip
[2022-06-27 20:15:33] - http-outgoing-3 << Content-Type: application/json
[2022-06-27 20:15:33] - http-outgoing-3 << Content-Length: 85
[2022-06-27 20:15:33] - http-outgoing-3 << Date: Mon, 27 Jun 2022 19:15:33 GMT
[2022-06-27 20:15:33] - http-outgoing-3 << Keep-Alive: timeout=60
[2022-06-27 20:15:33] - http-outgoing-3 << Connection: keep-alive
[2022-06-27 20:15:33] - Connection can be kept alive for 60000 MILLISECONDS
[2022-06-27 20:15:33] - Response 200 OK
[2022-06-27 20:15:33] - Reading to [org.springframework.cloud.netflix.eureka.http.EurekaApplications]
[2022-06-27 20:15:33] - Connection [id: 3][route: {}->http://localhost:8761] can be kept alive for 60.0 seconds
[2022-06-27 20:15:33] - http-outgoing-3: set socket timeout to 0
[2022-06-27 20:15:33] - Connection released: [id: 3][route: {}->http://localhost:8761][total available: 1; route allocated: 1 of 2; total allocated: 1 of 20]
[2022-06-27 20:15:33] - Got delta update with apps hashcode UP_2_
[2022-06-27 20:15:33] - The total number of instances fetched by the delta processor : 0
[2022-06-27 20:15:33] - The total number of all instances in the client now is 2
[2022-06-27 20:15:33] - Completed cache refresh task for discovery. All Apps hash code is Local region apps hashcode: UP_2_, is fetching remote regions? false 
[2022-06-27 20:16:03] - HTTP PUT http://localhost:8761/eureka/apps/LOGGINGAPPLICATION/localhost:loggingapplication:8001?status=UP&lastDirtyTimestamp=1656356372140
[2022-06-27 20:16:03] - Accept=[application/json, application/*+json]
[2022-06-27 20:16:03] - CookieSpec selected: default
[2022-06-27 20:16:03] - Auth cache not set in the context
[2022-06-27 20:16:03] - Connection request: [route: {}->http://localhost:8761][total available: 1; route allocated: 1 of 2; total allocated: 1 of 20]
[2022-06-27 20:16:03] - http-outgoing-2 << "[read] I/O error: Read timed out"
[2022-06-27 20:16:03] - Connection leased: [id: 2][route: {}->http://localhost:8761][total available: 0; route allocated: 1 of 2; total allocated: 1 of 20]
[2022-06-27 20:16:03] - http-outgoing-2: set socket timeout to 0
[2022-06-27 20:16:03] - Executing request PUT /eureka/apps/LOGGINGAPPLICATION/localhost:loggingapplication:8001?status=UP&lastDirtyTimestamp=1656356372140 HTTP/1.1
[2022-06-27 20:16:03] - Target auth state: UNCHALLENGED
[2022-06-27 20:16:03] - Proxy auth state: UNCHALLENGED
[2022-06-27 20:16:03] - http-outgoing-2 >> PUT /eureka/apps/LOGGINGAPPLICATION/localhost:loggingapplication:8001?status=UP&lastDirtyTimestamp=1656356372140 HTTP/1.1
[2022-06-27 20:16:03] - http-outgoing-2 >> Accept: application/json, application/*+json
[2022-06-27 20:16:03] - http-outgoing-2 >> Content-Length: 0
[2022-06-27 20:16:03] - http-outgoing-2 >> Host: localhost:8761
[2022-06-27 20:16:03] - http-outgoing-2 >> Connection: Keep-Alive
[2022-06-27 20:16:03] - http-outgoing-2 >> User-Agent: Apache-HttpClient/4.5.13 (Java/18.0.1)
[2022-06-27 20:16:03] - http-outgoing-2 >> Accept-Encoding: gzip,deflate
[2022-06-27 20:16:03] - http-outgoing-2 >> "PUT /eureka/apps/LOGGINGAPPLICATION/localhost:loggingapplication:8001?status=UP&lastDirtyTimestamp=1656356372140 HTTP/1.1[\r][\n]"
[2022-06-27 20:16:03] - http-outgoing-2 >> "Accept: application/json, application/*+json[\r][\n]"
[2022-06-27 20:16:03] - http-outgoing-2 >> "Content-Length: 0[\r][\n]"
[2022-06-27 20:16:03] - http-outgoing-2 >> "Host: localhost:8761[\r][\n]"
[2022-06-27 20:16:03] - http-outgoing-2 >> "Connection: Keep-Alive[\r][\n]"
[2022-06-27 20:16:03] - http-outgoing-2 >> "User-Agent: Apache-HttpClient/4.5.13 (Java/18.0.1)[\r][\n]"
[2022-06-27 20:16:03] - http-outgoing-2 >> "Accept-Encoding: gzip,deflate[\r][\n]"
[2022-06-27 20:16:03] - http-outgoing-2 >> "[\r][\n]"
[2022-06-27 20:16:03] - http-outgoing-2 << "HTTP/1.1 200 [\r][\n]"
[2022-06-27 20:16:03] - http-outgoing-2 << "Content-Type: application/json[\r][\n]"
[2022-06-27 20:16:03] - http-outgoing-2 << "Content-Length: 0[\r][\n]"
[2022-06-27 20:16:03] - http-outgoing-2 << "Date: Mon, 27 Jun 2022 19:16:03 GMT[\r][\n]"
[2022-06-27 20:16:03] - http-outgoing-2 << "Keep-Alive: timeout=60[\r][\n]"
[2022-06-27 20:16:03] - http-outgoing-2 << "Connection: keep-alive[\r][\n]"
[2022-06-27 20:16:03] - http-outgoing-2 << "[\r][\n]"
[2022-06-27 20:16:03] - http-outgoing-2 << HTTP/1.1 200 
[2022-06-27 20:16:03] - http-outgoing-2 << Content-Type: application/json
[2022-06-27 20:16:03] - http-outgoing-2 << Content-Length: 0
[2022-06-27 20:16:03] - http-outgoing-2 << Date: Mon, 27 Jun 2022 19:16:03 GMT
[2022-06-27 20:16:03] - http-outgoing-2 << Keep-Alive: timeout=60
[2022-06-27 20:16:03] - http-outgoing-2 << Connection: keep-alive
[2022-06-27 20:16:03] - Connection can be kept alive for 60000 MILLISECONDS
[2022-06-27 20:16:03] - Connection [id: 2][route: {}->http://localhost:8761] can be kept alive for 60.0 seconds
[2022-06-27 20:16:03] - http-outgoing-2: set socket timeout to 0
[2022-06-27 20:16:03] - Connection released: [id: 2][route: {}->http://localhost:8761][total available: 1; route allocated: 1 of 2; total allocated: 1 of 20]
[2022-06-27 20:16:03] - Response 200 OK
[2022-06-27 20:16:03] - DiscoveryClient_LOGGINGAPPLICATION/localhost:loggingapplication:8001 - Heartbeat status: 200
[2022-06-27 20:16:03] - HTTP GET http://localhost:8761/eureka/apps/delta
[2022-06-27 20:16:03] - Accept=[application/json, application/*+json]
[2022-06-27 20:16:03] - CookieSpec selected: default
[2022-06-27 20:16:03] - Auth cache not set in the context
[2022-06-27 20:16:03] - Connection request: [route: {}->http://localhost:8761][total available: 1; route allocated: 1 of 2; total allocated: 1 of 20]
[2022-06-27 20:16:03] - http-outgoing-3 << "[read] I/O error: Read timed out"
[2022-06-27 20:16:03] - Connection leased: [id: 3][route: {}->http://localhost:8761][total available: 0; route allocated: 1 of 2; total allocated: 1 of 20]
[2022-06-27 20:16:03] - http-outgoing-3: set socket timeout to 0
[2022-06-27 20:16:03] - Executing request GET /eureka/apps/delta HTTP/1.1
[2022-06-27 20:16:03] - Target auth state: UNCHALLENGED
[2022-06-27 20:16:03] - Proxy auth state: UNCHALLENGED
[2022-06-27 20:16:03] - http-outgoing-3 >> GET /eureka/apps/delta HTTP/1.1
[2022-06-27 20:16:03] - http-outgoing-3 >> Accept: application/json, application/*+json
[2022-06-27 20:16:03] - http-outgoing-3 >> Host: localhost:8761
[2022-06-27 20:16:03] - http-outgoing-3 >> Connection: Keep-Alive
[2022-06-27 20:16:03] - http-outgoing-3 >> User-Agent: Apache-HttpClient/4.5.13 (Java/18.0.1)
[2022-06-27 20:16:03] - http-outgoing-3 >> Accept-Encoding: gzip,deflate
[2022-06-27 20:16:03] - http-outgoing-3 >> "GET /eureka/apps/delta HTTP/1.1[\r][\n]"
[2022-06-27 20:16:03] - http-outgoing-3 >> "Accept: application/json, application/*+json[\r][\n]"
[2022-06-27 20:16:03] - http-outgoing-3 >> "Host: localhost:8761[\r][\n]"
[2022-06-27 20:16:03] - http-outgoing-3 >> "Connection: Keep-Alive[\r][\n]"
[2022-06-27 20:16:03] - http-outgoing-3 >> "User-Agent: Apache-HttpClient/4.5.13 (Java/18.0.1)[\r][\n]"
[2022-06-27 20:16:03] - http-outgoing-3 >> "Accept-Encoding: gzip,deflate[\r][\n]"
[2022-06-27 20:16:03] - http-outgoing-3 >> "[\r][\n]"
[2022-06-27 20:16:03] - http-outgoing-3 << "HTTP/1.1 200 [\r][\n]"
[2022-06-27 20:16:03] - http-outgoing-3 << "Content-Encoding: gzip[\r][\n]"
[2022-06-27 20:16:03] - http-outgoing-3 << "Content-Type: application/json[\r][\n]"
[2022-06-27 20:16:03] - http-outgoing-3 << "Content-Length: 85[\r][\n]"
[2022-06-27 20:16:03] - http-outgoing-3 << "Date: Mon, 27 Jun 2022 19:16:03 GMT[\r][\n]"
[2022-06-27 20:16:03] - http-outgoing-3 << "Keep-Alive: timeout=60[\r][\n]"
[2022-06-27 20:16:03] - http-outgoing-3 << "Connection: keep-alive[\r][\n]"
[2022-06-27 20:16:03] - http-outgoing-3 << "[\r][\n]"
[2022-06-27 20:16:03] - http-outgoing-3 << "[0x1f][0x8b][0x8][0x0][0x0][0x0][0x0][0x0][0x0][0xff][0xab]VJ,([0xc8][0xc9]LN,[0xc9][0xcc][0xcf]+V[0xb2][0xaa]V*K-*[0x6][0xb1][0xe3][0xe3]SRsJ[0x12][0x95][0xac][0x94][0xcc][0x94]t@[0xaa][0x80]"[0x19][0x89][0xc5][0x19][0xc9][0xf9])[0xa9]@[0xc1][0xd0][0x80]x[0xa3]x[0x88][0x4]L[0xbb][0x92]Utlm-[0x0]Q[0xfb][0xda]$R[0x0][0x0][0x0]"
[2022-06-27 20:16:03] - http-outgoing-3 << HTTP/1.1 200 
[2022-06-27 20:16:03] - http-outgoing-3 << Content-Encoding: gzip
[2022-06-27 20:16:03] - http-outgoing-3 << Content-Type: application/json
[2022-06-27 20:16:03] - http-outgoing-3 << Content-Length: 85
[2022-06-27 20:16:03] - http-outgoing-3 << Date: Mon, 27 Jun 2022 19:16:03 GMT
[2022-06-27 20:16:03] - http-outgoing-3 << Keep-Alive: timeout=60
[2022-06-27 20:16:03] - http-outgoing-3 << Connection: keep-alive
[2022-06-27 20:16:03] - Connection can be kept alive for 60000 MILLISECONDS
[2022-06-27 20:16:03] - Response 200 OK
[2022-06-27 20:16:03] - Reading to [org.springframework.cloud.netflix.eureka.http.EurekaApplications]
[2022-06-27 20:16:03] - Connection [id: 3][route: {}->http://localhost:8761] can be kept alive for 60.0 seconds
[2022-06-27 20:16:03] - http-outgoing-3: set socket timeout to 0
[2022-06-27 20:16:03] - Connection released: [id: 3][route: {}->http://localhost:8761][total available: 1; route allocated: 1 of 2; total allocated: 1 of 20]
[2022-06-27 20:16:03] - Got delta update with apps hashcode UP_2_
[2022-06-27 20:16:03] - The total number of instances fetched by the delta processor : 0
[2022-06-27 20:16:03] - The total number of all instances in the client now is 2
[2022-06-27 20:16:03] - Completed cache refresh task for discovery. All Apps hash code is Local region apps hashcode: UP_2_, is fetching remote regions? false 
[2022-06-27 20:16:33] - HTTP PUT http://localhost:8761/eureka/apps/LOGGINGAPPLICATION/localhost:loggingapplication:8001?status=UP&lastDirtyTimestamp=1656356372140
[2022-06-27 20:16:33] - Accept=[application/json, application/*+json]
[2022-06-27 20:16:33] - CookieSpec selected: default
[2022-06-27 20:16:33] - Auth cache not set in the context
[2022-06-27 20:16:33] - Connection request: [route: {}->http://localhost:8761][total available: 1; route allocated: 1 of 2; total allocated: 1 of 20]
[2022-06-27 20:16:33] - http-outgoing-2 << "[read] I/O error: Read timed out"
[2022-06-27 20:16:33] - Connection leased: [id: 2][route: {}->http://localhost:8761][total available: 0; route allocated: 1 of 2; total allocated: 1 of 20]
[2022-06-27 20:16:33] - http-outgoing-2: set socket timeout to 0
[2022-06-27 20:16:33] - Executing request PUT /eureka/apps/LOGGINGAPPLICATION/localhost:loggingapplication:8001?status=UP&lastDirtyTimestamp=1656356372140 HTTP/1.1
[2022-06-27 20:16:33] - Target auth state: UNCHALLENGED
[2022-06-27 20:16:33] - Proxy auth state: UNCHALLENGED
[2022-06-27 20:16:33] - http-outgoing-2 >> PUT /eureka/apps/LOGGINGAPPLICATION/localhost:loggingapplication:8001?status=UP&lastDirtyTimestamp=1656356372140 HTTP/1.1
[2022-06-27 20:16:33] - http-outgoing-2 >> Accept: application/json, application/*+json
[2022-06-27 20:16:33] - http-outgoing-2 >> Content-Length: 0
