[2022-06-27 19:59:03] - Creating shared instance of singleton bean 'org.springframework.boot.autoconfigure.web.servlet.WebMvcAutoConfiguration$WebMvcAutoConfigurationAdapter'
[2022-06-27 19:59:03] - Autowiring by type from bean name 'org.springframework.boot.autoconfigure.web.servlet.WebMvcAutoConfiguration$WebMvcAutoConfigurationAdapter' via constructor to bean named 'spring.web-org.springframework.boot.autoconfigure.web.WebProperties'
[2022-06-27 19:59:03] - Autowiring by type from bean name 'org.springframework.boot.autoconfigure.web.servlet.WebMvcAutoConfiguration$WebMvcAutoConfigurationAdapter' via constructor to bean named 'spring.mvc-org.springframework.boot.autoconfigure.web.servlet.WebMvcProperties'
[2022-06-27 19:59:03] - Autowiring by type from bean name 'org.springframework.boot.autoconfigure.web.servlet.WebMvcAutoConfiguration$WebMvcAutoConfigurationAdapter' via constructor to bean named 'org.springframework.beans.factory.support.DefaultListableBeanFactory@1bfe3203'
[2022-06-27 19:59:03] - Creating shared instance of singleton bean 'requestMappingHandlerAdapter'
[2022-06-27 19:59:03] - Creating shared instance of singleton bean 'mvcContentNegotiationManager'
[2022-06-27 19:59:03] - Creating shared instance of singleton bean 'mvcConversionService'
[2022-06-27 19:59:03] - Creating shared instance of singleton bean 'mvcValidator'
[2022-06-27 19:59:03] - Autowiring by type from bean name 'requestMappingHandlerAdapter' via factory method to bean named 'mvcContentNegotiationManager'
[2022-06-27 19:59:03] - Autowiring by type from bean name 'requestMappingHandlerAdapter' via factory method to bean named 'mvcConversionService'
[2022-06-27 19:59:03] - Autowiring by type from bean name 'requestMappingHandlerAdapter' via factory method to bean named 'mvcValidator'
[2022-06-27 19:59:03] - Autowiring by type from bean name 'requestMappingHandlerAdapter' via factory method to bean named 'mvcContentNegotiationManager'
[2022-06-27 19:59:03] - Autowiring by type from bean name 'requestMappingHandlerAdapter' via factory method to bean named 'mvcConversionService'
[2022-06-27 19:59:03] - Autowiring by type from bean name 'requestMappingHandlerAdapter' via factory method to bean named 'mvcValidator'
[2022-06-27 19:59:03] - Creating shared instance of singleton bean 'messageConverters'
[2022-06-27 19:59:03] - Creating shared instance of singleton bean 'org.springframework.boot.autoconfigure.http.HttpMessageConvertersAutoConfiguration'
[2022-06-27 19:59:03] - Creating shared instance of singleton bean 'stringHttpMessageConverter'
[2022-06-27 19:59:03] - Creating shared instance of singleton bean 'org.springframework.boot.autoconfigure.http.HttpMessageConvertersAutoConfiguration$StringHttpMessageConverterConfiguration'
[2022-06-27 19:59:03] - Autowiring by type from bean name 'stringHttpMessageConverter' via factory method to bean named 'environment'
[2022-06-27 19:59:03] - Creating shared instance of singleton bean 'mappingJackson2HttpMessageConverter'
[2022-06-27 19:59:03] - Creating shared instance of singleton bean 'org.springframework.boot.autoconfigure.http.JacksonHttpMessageConvertersConfiguration$MappingJackson2HttpMessageConverterConfiguration'
[2022-06-27 19:59:03] - Creating shared instance of singleton bean 'jacksonObjectMapper'
[2022-06-27 19:59:03] - Creating shared instance of singleton bean 'org.springframework.boot.autoconfigure.jackson.JacksonAutoConfiguration$JacksonObjectMapperConfiguration'
[2022-06-27 19:59:03] - Creating shared instance of singleton bean 'org.springframework.boot.autoconfigure.jackson.JacksonAutoConfiguration$JacksonObjectMapperBuilderConfiguration'
[2022-06-27 19:59:03] - Creating shared instance of singleton bean 'standardJacksonObjectMapperBuilderCustomizer'
[2022-06-27 19:59:03] - Creating shared instance of singleton bean 'org.springframework.boot.autoconfigure.jackson.JacksonAutoConfiguration$Jackson2ObjectMapperBuilderCustomizerConfiguration'
[2022-06-27 19:59:03] - Creating shared instance of singleton bean 'spring.jackson-org.springframework.boot.autoconfigure.jackson.JacksonProperties'
[2022-06-27 19:59:03] - Autowiring by type from bean name 'standardJacksonObjectMapperBuilderCustomizer' via factory method to bean named 'org.springframework.web.context.support.GenericWebApplicationContext@13e698c7'
[2022-06-27 19:59:03] - Autowiring by type from bean name 'standardJacksonObjectMapperBuilderCustomizer' via factory method to bean named 'spring.jackson-org.springframework.boot.autoconfigure.jackson.JacksonProperties'
[2022-06-27 19:59:03] - Autowiring by type from bean name 'jacksonObjectMapperBuilder' via factory method to bean named 'org.springframework.web.context.support.GenericWebApplicationContext@13e698c7'
[2022-06-27 19:59:03] - Autowiring by type from bean name 'jacksonObjectMapperBuilder' via factory method to bean named 'standardJacksonObjectMapperBuilderCustomizer'
[2022-06-27 19:59:03] - Creating shared instance of singleton bean 'parameterNamesModule'
[2022-06-27 19:59:03] - Creating shared instance of singleton bean 'org.springframework.boot.autoconfigure.jackson.JacksonAutoConfiguration$ParameterNamesModuleConfiguration'
[2022-06-27 19:59:03] - Creating shared instance of singleton bean 'jsonComponentModule'
[2022-06-27 19:59:03] - Creating shared instance of singleton bean 'org.springframework.boot.autoconfigure.jackson.JacksonAutoConfiguration'
[2022-06-27 19:59:03] - Creating shared instance of singleton bean 'jsonMixinModule'
[2022-06-27 19:59:03] - Autowiring by type from bean name 'jsonMixinModule' via factory method to bean named 'org.springframework.web.context.support.GenericWebApplicationContext@13e698c7'
[2022-06-27 19:59:03] - @EnableAutoConfiguration was declared on a class in the package 'inspired.gaming.loggingapplication'. Automatic @Repository and @Entity scanning is enabled.
[2022-06-27 19:59:03] - Autowiring by type from bean name 'jacksonObjectMapper' via factory method to bean named 'jacksonObjectMapperBuilder'
[2022-06-27 19:59:03] - Autowiring by type from bean name 'mappingJackson2HttpMessageConverter' via factory method to bean named 'jacksonObjectMapper'
[2022-06-27 19:59:03] - Creating shared instance of singleton bean 'applicationTaskExecutor'
[2022-06-27 19:59:03] - Autowiring by type from bean name 'applicationTaskExecutor' via factory method to bean named 'taskExecutorBuilder'
[2022-06-27 19:59:03] - Initializing ExecutorService 'applicationTaskExecutor'
[2022-06-27 19:59:03] - ControllerAdvice beans: 0 @ModelAttribute, 0 @InitBinder, 1 RequestBodyAdvice, 1 ResponseBodyAdvice
[2022-06-27 19:59:03] - Creating shared instance of singleton bean 'welcomePageHandlerMapping'
[2022-06-27 19:59:03] - Creating shared instance of singleton bean 'mvcResourceUrlProvider'
[2022-06-27 19:59:03] - Autowiring by type from bean name 'welcomePageHandlerMapping' via factory method to bean named 'org.springframework.web.context.support.GenericWebApplicationContext@13e698c7'
[2022-06-27 19:59:03] - Autowiring by type from bean name 'welcomePageHandlerMapping' via factory method to bean named 'mvcConversionService'
[2022-06-27 19:59:03] - Autowiring by type from bean name 'welcomePageHandlerMapping' via factory method to bean named 'mvcResourceUrlProvider'
[2022-06-27 19:59:03] - Creating shared instance of singleton bean 'localeResolver'
[2022-06-27 19:59:03] - Creating shared instance of singleton bean 'themeResolver'
[2022-06-27 19:59:03] - Creating shared instance of singleton bean 'flashMapManager'
[2022-06-27 19:59:03] - Creating shared instance of singleton bean 'requestMappingHandlerMapping'
[2022-06-27 19:59:03] - Autowiring by type from bean name 'requestMappingHandlerMapping' via factory method to bean named 'mvcContentNegotiationManager'
[2022-06-27 19:59:03] - Autowiring by type from bean name 'requestMappingHandlerMapping' via factory method to bean named 'mvcConversionService'
[2022-06-27 19:59:03] - Autowiring by type from bean name 'requestMappingHandlerMapping' via factory method to bean named 'mvcResourceUrlProvider'
[2022-06-27 19:59:04] - 
	i.g.l.c.LoggerController:
	{ [/saveErrorLogDetails]}: saveErrorLogDetails(LogDetails)
	{ [/saveLogDetails]}: saveLogDetails(LogDetails)
[2022-06-27 19:59:04] - 
	o.s.b.a.w.s.e.BasicErrorController:
	{ [/error], produces [text/html]}: errorHtml(HttpServletRequest,HttpServletResponse)
	{ [/error]}: error(HttpServletRequest)
[2022-06-27 19:59:04] - 4 mappings in 'requestMappingHandlerMapping'
[2022-06-27 19:59:04] - Creating shared instance of singleton bean 'mvcPatternParser'
[2022-06-27 19:59:04] - Creating shared instance of singleton bean 'mvcUrlPathHelper'
[2022-06-27 19:59:04] - Creating shared instance of singleton bean 'mvcPathMatcher'
[2022-06-27 19:59:04] - Creating shared instance of singleton bean 'viewControllerHandlerMapping'
[2022-06-27 19:59:04] - Autowiring by type from bean name 'viewControllerHandlerMapping' via factory method to bean named 'mvcConversionService'
[2022-06-27 19:59:04] - Autowiring by type from bean name 'viewControllerHandlerMapping' via factory method to bean named 'mvcResourceUrlProvider'
[2022-06-27 19:59:04] - Creating shared instance of singleton bean 'beanNameHandlerMapping'
[2022-06-27 19:59:04] - Autowiring by type from bean name 'beanNameHandlerMapping' via factory method to bean named 'mvcConversionService'
[2022-06-27 19:59:04] - Autowiring by type from bean name 'beanNameHandlerMapping' via factory method to bean named 'mvcResourceUrlProvider'
[2022-06-27 19:59:04] - 'beanNameHandlerMapping' {}
[2022-06-27 19:59:04] - Creating shared instance of singleton bean 'routerFunctionMapping'
[2022-06-27 19:59:04] - Autowiring by type from bean name 'routerFunctionMapping' via factory method to bean named 'mvcConversionService'
[2022-06-27 19:59:04] - Autowiring by type from bean name 'routerFunctionMapping' via factory method to bean named 'mvcResourceUrlProvider'
[2022-06-27 19:59:04] - Creating shared instance of singleton bean 'resourceHandlerMapping'
[2022-06-27 19:59:04] - Autowiring by type from bean name 'resourceHandlerMapping' via factory method to bean named 'mvcContentNegotiationManager'
[2022-06-27 19:59:04] - Autowiring by type from bean name 'resourceHandlerMapping' via factory method to bean named 'mvcConversionService'
[2022-06-27 19:59:04] - Autowiring by type from bean name 'resourceHandlerMapping' via factory method to bean named 'mvcResourceUrlProvider'
[2022-06-27 19:59:04] - 'resourceHandlerMapping' {/webjars/**=ResourceHttpRequestHandler [classpath [META-INF/resources/webjars/]], /**=ResourceHttpRequestHandler [classpath [META-INF/resources/], classpath [resources/], classpath [static/], classpath [public/], ServletContext [/]]}
[2022-06-27 19:59:04] - Creating shared instance of singleton bean 'defaultServletHandlerMapping'
[2022-06-27 19:59:04] - Creating shared instance of singleton bean 'handlerFunctionAdapter'
[2022-06-27 19:59:04] - Creating shared instance of singleton bean 'mvcUriComponentsContributor'
[2022-06-27 19:59:04] - Autowiring by type from bean name 'mvcUriComponentsContributor' via factory method to bean named 'mvcConversionService'
[2022-06-27 19:59:04] - Autowiring by type from bean name 'mvcUriComponentsContributor' via factory method to bean named 'requestMappingHandlerAdapter'
[2022-06-27 19:59:04] - Creating shared instance of singleton bean 'httpRequestHandlerAdapter'
[2022-06-27 19:59:04] - Creating shared instance of singleton bean 'simpleControllerHandlerAdapter'
[2022-06-27 19:59:04] - Creating shared instance of singleton bean 'handlerExceptionResolver'
[2022-06-27 19:59:04] - Autowiring by type from bean name 'handlerExceptionResolver' via factory method to bean named 'mvcContentNegotiationManager'
[2022-06-27 19:59:04] - ControllerAdvice beans: 0 @ExceptionHandler, 1 ResponseBodyAdvice
[2022-06-27 19:59:04] - Creating shared instance of singleton bean 'mvcViewResolver'
[2022-06-27 19:59:04] - Autowiring by type from bean name 'mvcViewResolver' via factory method to bean named 'mvcContentNegotiationManager'
[2022-06-27 19:59:04] - Creating shared instance of singleton bean 'viewNameTranslator'
[2022-06-27 19:59:04] - Creating shared instance of singleton bean 'defaultViewResolver'
[2022-06-27 19:59:04] - Creating shared instance of singleton bean 'viewResolver'
[2022-06-27 19:59:04] - Autowiring by type from bean name 'viewResolver' via factory method to bean named 'org.springframework.beans.factory.support.DefaultListableBeanFactory@1bfe3203'
[2022-06-27 19:59:04] - Creating shared instance of singleton bean 'viewResolver'
[2022-06-27 19:59:04] - Creating shared instance of singleton bean 'requestContextFilter'
[2022-06-27 19:59:04] - Creating shared instance of singleton bean 'org.springframework.boot.autoconfigure.web.servlet.WebMvcAutoConfiguration'
