[2022-06-29 09:34:02] - Resolving eureka endpoints via configuration
[2022-06-29 09:34:02] - The availability zone for the given region us-east-1 are [defaultZone]
[2022-06-29 09:34:02] - Config resolved to [AwsEndpoint{ serviceUrl='http://localhost:8761/eureka/', region='us-east-1', zone='defaultZone'}]
[2022-06-29 09:34:02] - Local zone=defaultZone; resolved to: [AwsEndpoint{ serviceUrl='http://localhost:8761/eureka/', region='us-east-1', zone='defaultZone'}]
[2022-06-29 09:34:02] - Resolved to [AwsEndpoint{ serviceUrl='http://localhost:8761/eureka/', region='us-east-1', zone='defaultZone'}]
[2022-06-29 09:34:03] - HTTP PUT http://localhost:8761/eureka/apps/LOGGINGAPPLICATION/192.168.0.75:loggingapplication:8001?status=UP&lastDirtyTimestamp=1656490743180
[2022-06-29 09:34:03] - Accept=[application/json, application/*+json]
[2022-06-29 09:34:03] - CookieSpec selected: default
[2022-06-29 09:34:03] - Auth cache not set in the context
[2022-06-29 09:34:03] - Connection request: [route: {}->http://localhost:8761][total available: 1; route allocated: 1 of 2; total allocated: 1 of 20]
[2022-06-29 09:34:03] - http-outgoing-1 << "[read] I/O error: Read timed out"
[2022-06-29 09:34:03] - Connection leased: [id: 1][route: {}->http://localhost:8761][total available: 0; route allocated: 1 of 2; total allocated: 1 of 20]
[2022-06-29 09:34:03] - http-outgoing-1: set socket timeout to 0
[2022-06-29 09:34:03] - Executing request PUT /eureka/apps/LOGGINGAPPLICATION/192.168.0.75:loggingapplication:8001?status=UP&lastDirtyTimestamp=1656490743180 HTTP/1.1
[2022-06-29 09:34:03] - Target auth state: UNCHALLENGED
[2022-06-29 09:34:03] - Proxy auth state: UNCHALLENGED
[2022-06-29 09:34:03] - http-outgoing-1 >> PUT /eureka/apps/LOGGINGAPPLICATION/192.168.0.75:loggingapplication:8001?status=UP&lastDirtyTimestamp=1656490743180 HTTP/1.1
[2022-06-29 09:34:03] - http-outgoing-1 >> Accept: application/json, application/*+json
[2022-06-29 09:34:03] - http-outgoing-1 >> Content-Length: 0
[2022-06-29 09:34:03] - http-outgoing-1 >> Host: localhost:8761
[2022-06-29 09:34:03] - http-outgoing-1 >> Connection: Keep-Alive
[2022-06-29 09:34:03] - http-outgoing-1 >> User-Agent: Apache-HttpClient/4.5.13 (Java/18.0.1)
[2022-06-29 09:34:03] - http-outgoing-1 >> Accept-Encoding: gzip,deflate
[2022-06-29 09:34:03] - http-outgoing-1 >> "PUT /eureka/apps/LOGGINGAPPLICATION/192.168.0.75:loggingapplication:8001?status=UP&lastDirtyTimestamp=1656490743180 HTTP/1.1[\r][\n]"
[2022-06-29 09:34:03] - http-outgoing-1 >> "Accept: application/json, application/*+json[\r][\n]"
[2022-06-29 09:34:03] - http-outgoing-1 >> "Content-Length: 0[\r][\n]"
[2022-06-29 09:34:03] - http-outgoing-1 >> "Host: localhost:8761[\r][\n]"
[2022-06-29 09:34:03] - http-outgoing-1 >> "Connection: Keep-Alive[\r][\n]"
[2022-06-29 09:34:03] - http-outgoing-1 >> "User-Agent: Apache-HttpClient/4.5.13 (Java/18.0.1)[\r][\n]"
[2022-06-29 09:34:03] - http-outgoing-1 >> "Accept-Encoding: gzip,deflate[\r][\n]"
[2022-06-29 09:34:03] - http-outgoing-1 >> "[\r][\n]"
[2022-06-29 09:34:03] - http-outgoing-1 << "HTTP/1.1 200 [\r][\n]"
[2022-06-29 09:34:03] - http-outgoing-1 << "Content-Type: application/json[\r][\n]"
[2022-06-29 09:34:03] - http-outgoing-1 << "Content-Length: 0[\r][\n]"
[2022-06-29 09:34:03] - http-outgoing-1 << "Date: Wed, 29 Jun 2022 08:34:03 GMT[\r][\n]"
[2022-06-29 09:34:03] - http-outgoing-1 << "Keep-Alive: timeout=60[\r][\n]"
[2022-06-29 09:34:03] - http-outgoing-1 << "Connection: keep-alive[\r][\n]"
[2022-06-29 09:34:03] - http-outgoing-1 << "[\r][\n]"
[2022-06-29 09:34:03] - http-outgoing-1 << HTTP/1.1 200 
[2022-06-29 09:34:03] - http-outgoing-1 << Content-Type: application/json
[2022-06-29 09:34:03] - http-outgoing-1 << Content-Length: 0
[2022-06-29 09:34:03] - http-outgoing-1 << Date: Wed, 29 Jun 2022 08:34:03 GMT
[2022-06-29 09:34:03] - http-outgoing-1 << Keep-Alive: timeout=60
[2022-06-29 09:34:03] - http-outgoing-1 << Connection: keep-alive
[2022-06-29 09:34:03] - Connection can be kept alive for 60000 MILLISECONDS
[2022-06-29 09:34:03] - Connection [id: 1][route: {}->http://localhost:8761] can be kept alive for 60.0 seconds
[2022-06-29 09:34:03] - http-outgoing-1: set socket timeout to 0
[2022-06-29 09:34:03] - Connection released: [id: 1][route: {}->http://localhost:8761][total available: 1; route allocated: 1 of 2; total allocated: 1 of 20]
[2022-06-29 09:34:03] - Response 200 OK
[2022-06-29 09:34:03] - DiscoveryClient_LOGGINGAPPLICATION/192.168.0.75:loggingapplication:8001 - Heartbeat status: 200
[2022-06-29 09:34:03] - HTTP GET http://localhost:8761/eureka/apps/delta
[2022-06-29 09:34:03] - Accept=[application/json, application/*+json]
[2022-06-29 09:34:03] - CookieSpec selected: default
[2022-06-29 09:34:03] - Auth cache not set in the context
[2022-06-29 09:34:03] - Connection request: [route: {}->http://localhost:8761][total available: 1; route allocated: 1 of 2; total allocated: 1 of 20]
[2022-06-29 09:34:03] - http-outgoing-0 << "[read] I/O error: Read timed out"
[2022-06-29 09:34:03] - Connection leased: [id: 0][route: {}->http://localhost:8761][total available: 0; route allocated: 1 of 2; total allocated: 1 of 20]
[2022-06-29 09:34:03] - http-outgoing-0: set socket timeout to 0
[2022-06-29 09:34:03] - Executing request GET /eureka/apps/delta HTTP/1.1
[2022-06-29 09:34:03] - Target auth state: UNCHALLENGED
[2022-06-29 09:34:03] - Proxy auth state: UNCHALLENGED
[2022-06-29 09:34:03] - http-outgoing-0 >> GET /eureka/apps/delta HTTP/1.1
[2022-06-29 09:34:03] - http-outgoing-0 >> Accept: application/json, application/*+json
[2022-06-29 09:34:03] - http-outgoing-0 >> Host: localhost:8761
[2022-06-29 09:34:03] - http-outgoing-0 >> Connection: Keep-Alive
[2022-06-29 09:34:03] - http-outgoing-0 >> User-Agent: Apache-HttpClient/4.5.13 (Java/18.0.1)
[2022-06-29 09:34:03] - http-outgoing-0 >> Accept-Encoding: gzip,deflate
[2022-06-29 09:34:03] - http-outgoing-0 >> "GET /eureka/apps/delta HTTP/1.1[\r][\n]"
[2022-06-29 09:34:03] - http-outgoing-0 >> "Accept: application/json, application/*+json[\r][\n]"
[2022-06-29 09:34:03] - http-outgoing-0 >> "Host: localhost:8761[\r][\n]"
[2022-06-29 09:34:03] - http-outgoing-0 >> "Connection: Keep-Alive[\r][\n]"
[2022-06-29 09:34:03] - http-outgoing-0 >> "User-Agent: Apache-HttpClient/4.5.13 (Java/18.0.1)[\r][\n]"
[2022-06-29 09:34:03] - http-outgoing-0 >> "Accept-Encoding: gzip,deflate[\r][\n]"
[2022-06-29 09:34:03] - http-outgoing-0 >> "[\r][\n]"
[2022-06-29 09:34:03] - http-outgoing-0 << "HTTP/1.1 200 [\r][\n]"
[2022-06-29 09:34:03] - http-outgoing-0 << "Content-Encoding: gzip[\r][\n]"
[2022-06-29 09:34:03] - http-outgoing-0 << "Content-Type: application/json[\r][\n]"
[2022-06-29 09:34:03] - http-outgoing-0 << "Content-Length: 538[\r][\n]"
[2022-06-29 09:34:03] - http-outgoing-0 << "Date: Wed, 29 Jun 2022 08:34:03 GMT[\r][\n]"
[2022-06-29 09:34:03] - http-outgoing-0 << "Keep-Alive: timeout=60[\r][\n]"
[2022-06-29 09:34:03] - http-outgoing-0 << "Connection: keep-alive[\r][\n]"
[2022-06-29 09:34:03] - http-outgoing-0 << "[\r][\n]"
[2022-06-29 09:34:03] - http-outgoing-0 << "[0x1f][0x8b][0x8][0x0][0x0][0x0][0x0][0x0][0x0][0xff][0x8d]Smo[0xda]0[0x10][0xfe]/V?[0xa2]@hHi>[0x95][0x91]hB[0x1b])[0x1a][0xb0]i[0x9a]&[0xe4]:[0x7][0xb1][0x96]8[0x91]}[0xa1]C[0x88][0xff][0xde]s[0xbc][0xb4]E-Z[0xe5][0xf][0x8e][0xef][0x9e]{{[0xee][0xc9][0x91][0xf1][0xba].[0xa4][0xe0](+eXtd{[0xd0][0xc6]~o6[0x19][0x14][0xc8]Y[0xc4][0xfc][[0xd6][0xb3]02[0xe5][0xdc][0xe4][0xa2][0xca][0x80][0xac][0xeb][0xc5]f[0xb8]q[0x8e].[0x9e]E[0xbf][0x8e]L[0xf1][0xd2][0xba]?%[0xab][0xf9]$[0x9d]|N[0xe6]I[0xba]Z[0xfe]\[0xae][0x92]9[0x81][0xa5]2[0xc8][0x95][0x80][0x16][0xd9]=fY[d[0xe8][0xf9][0xe1][0xd8][0x1b]x7[0xa3][0xe8][0x1][0xb0][0xe4][0x8a][0xef][0xa0][0x4][0x85][0xe6]`[0x10][0xca]h<[0x18][0xc](C^[0x19]L][0x89][0xd7]![0xae][0x91][0xcb]u[0xeb]I[0x96][0xe9][0xb7]1[0xd4][0x0]646[0x8b][0xef][0xa4][0xf4][0xae]hz-[0xb3][0xc][0xd4][0xb2][0xf3][0xac][0xd3]/[0xa9]s[0xd6][0x95]F[0xcb][0xd0][0x15]k[0x9b][0xe9][0xb1];P[0xfc][0xa1][0x0][0xdb]>[0xea][0x6][0xd8][0x89][0x12][0x82]h4,^[0x90]Ap}[0x6][0xdc][0xf2][0xc2][0xb4]HQ5[\n]"
[2022-06-29 09:34:03] - http-outgoing-0 << "[0xf5][0xc1][0xe][0xef][0xf7]X[0xc6][0x91]OiX[0xd0]3[0xb5][0xad]l[0xec][0x9d]([0xb8][0xb1][\r][0x88][0xaa][0xf4][0x14][0xe0][0xb6][0x90]=[0x9a]Q[0x92][0xdf][0x9b]u[0xd4][0xd1][0xe3]*[0x86]-o[\n]"
[2022-06-29 09:34:03] - http-outgoing-0 << "[0x8c][0xcf]S[0xf4][0xba]M[0xcc][0xf][0xf7][0x8f][0xca]V,[0x80][0x1b][0xe8][0xd2]kP[0xf0][0xc8][0x8b][0x99][0xc5][0xef][0xed][0xbd][0x4]A[0xd5][0xae]i[0xac][0xac][0xd1][0xed]:;[0xdb]-[0xd9]4[0xec][0xa4]Ag_[0xc9][0x12][0xa8]|It[0xfb][0xe1]([0xc]n[0xfd][0x90][0xce]([0xa0][\n]"
[2022-06-29 09:34:03] - http-outgoing-0 << "[0xdc][0xe0]7[0x97][0xf8]2[0x8][0xf6]R\J3[0xbe][0xf1]CK[0xa2]&[0xc][0xac][0xeb][0xb7][0x90]`[0x1c][0x8e]F[0x1][\r]S[0x2]rK[0x9a][0x9d][0xe5]E+[0x9e][0xdb][0x11]k[0xc5]r[0xb2]j)aA[0xbe][0xb5].[0xc8][0x9a]#[0xd6]Q[0xbf]&5[0x8b][0xec]?+[0xe1][0x3]X.[0xb0][0xe1]X[0xe9][0xbe]t,[0xe7][0xc0][0xb][0xcc][0xa7]9[0x88]?[0x1f][0x8d]t![0x14][0xbb]w[0xba][0x84]v[0xcf][0xef][0x88][0x9e]u[0x82][0xfa][0xfe][0xa0]4[0xd3][0xaa][0xd2][0x99]T[0xb4]#[0xb5][0x8b][0xa5][0x11]V[0xcc][0x87]%q[0x9][0xfa]YxnG[0xeb][0x9a][0xa8][0x83][0xec][0x15][0xbd][0xec]l[0x5][0xff]`[0xb1][0xd4]xx[0x17]D[0xd7][0xd0][0xfe]rn[0x91][0x87][0xda][0xea],N[0xbe]&[0xab]$f[0xa7][0xdf]tNOiW[0x91][\n]"
[2022-06-29 09:34:03] - http-outgoing-0 << "Y[0x4][0x0][0x0]"
[2022-06-29 09:34:03] - http-outgoing-0 << HTTP/1.1 200 
[2022-06-29 09:34:03] - http-outgoing-0 << Content-Encoding: gzip
[2022-06-29 09:34:03] - http-outgoing-0 << Content-Type: application/json
[2022-06-29 09:34:03] - http-outgoing-0 << Content-Length: 538
[2022-06-29 09:34:03] - http-outgoing-0 << Date: Wed, 29 Jun 2022 08:34:03 GMT
[2022-06-29 09:34:03] - http-outgoing-0 << Keep-Alive: timeout=60
[2022-06-29 09:34:03] - http-outgoing-0 << Connection: keep-alive
[2022-06-29 09:34:03] - Connection can be kept alive for 60000 MILLISECONDS
[2022-06-29 09:34:03] - Response 200 OK
[2022-06-29 09:34:03] - Reading to [org.springframework.cloud.netflix.eureka.http.EurekaApplications]
[2022-06-29 09:34:03] - Connection [id: 0][route: {}->http://localhost:8761] can be kept alive for 60.0 seconds
[2022-06-29 09:34:03] - http-outgoing-0: set socket timeout to 0
[2022-06-29 09:34:03] - Connection released: [id: 0][route: {}->http://localhost:8761][total available: 1; route allocated: 1 of 2; total allocated: 1 of 20]
[2022-06-29 09:34:03] - Got delta update with apps hashcode UP_2_
[2022-06-29 09:34:03] - Deleted instance 192.168.0.75:betmanagementsystem:8000 to the existing apps 
[2022-06-29 09:34:03] - The total number of instances fetched by the delta processor : 1
[2022-06-29 09:34:03] - The total number of all instances in the client now is 2
[2022-06-29 09:34:03] - Completed cache refresh task for discovery. All Apps hash code is Local region apps hashcode: UP_2_, is fetching remote regions? false 
