[2022-06-29 09:22:03] - Added instance 192.168.0.75:loggingapplication:8001 to the existing apps in region null
[2022-06-29 09:22:03] - The total number of instances fetched by the delta processor : 2
[2022-06-29 09:22:03] - The total number of all instances in the client now is 3
[2022-06-29 09:22:03] - Completed cache refresh task for discovery. All Apps hash code is Local region apps hashcode: UP_3_, is fetching remote regions? false 
[2022-06-29 09:22:33] - HTTP PUT http://localhost:8761/eureka/apps/LOGGINGAPPLICATION/192.168.0.75:loggingapplication:8001?status=UP&lastDirtyTimestamp=1656490743180
[2022-06-29 09:22:33] - Accept=[application/json, application/*+json]
[2022-06-29 09:22:33] - CookieSpec selected: default
[2022-06-29 09:22:33] - Auth cache not set in the context
[2022-06-29 09:22:33] - Connection request: [route: {}->http://localhost:8761][total available: 1; route allocated: 1 of 2; total allocated: 1 of 20]
[2022-06-29 09:22:33] - http-outgoing-1 << "[read] I/O error: Read timed out"
[2022-06-29 09:22:33] - Connection leased: [id: 1][route: {}->http://localhost:8761][total available: 0; route allocated: 1 of 2; total allocated: 1 of 20]
[2022-06-29 09:22:33] - http-outgoing-1: set socket timeout to 0
[2022-06-29 09:22:33] - Executing request PUT /eureka/apps/LOGGINGAPPLICATION/192.168.0.75:loggingapplication:8001?status=UP&lastDirtyTimestamp=1656490743180 HTTP/1.1
[2022-06-29 09:22:33] - Target auth state: UNCHALLENGED
[2022-06-29 09:22:33] - Proxy auth state: UNCHALLENGED
[2022-06-29 09:22:33] - http-outgoing-1 >> PUT /eureka/apps/LOGGINGAPPLICATION/192.168.0.75:loggingapplication:8001?status=UP&lastDirtyTimestamp=1656490743180 HTTP/1.1
[2022-06-29 09:22:33] - http-outgoing-1 >> Accept: application/json, application/*+json
[2022-06-29 09:22:33] - http-outgoing-1 >> Content-Length: 0
[2022-06-29 09:22:33] - http-outgoing-1 >> Host: localhost:8761
[2022-06-29 09:22:33] - http-outgoing-1 >> Connection: Keep-Alive
[2022-06-29 09:22:33] - http-outgoing-1 >> User-Agent: Apache-HttpClient/4.5.13 (Java/18.0.1)
[2022-06-29 09:22:33] - http-outgoing-1 >> Accept-Encoding: gzip,deflate
[2022-06-29 09:22:33] - http-outgoing-1 >> "PUT /eureka/apps/LOGGINGAPPLICATION/192.168.0.75:loggingapplication:8001?status=UP&lastDirtyTimestamp=1656490743180 HTTP/1.1[\r][\n]"
[2022-06-29 09:22:33] - http-outgoing-1 >> "Accept: application/json, application/*+json[\r][\n]"
[2022-06-29 09:22:33] - http-outgoing-1 >> "Content-Length: 0[\r][\n]"
[2022-06-29 09:22:33] - http-outgoing-1 >> "Host: localhost:8761[\r][\n]"
[2022-06-29 09:22:33] - http-outgoing-1 >> "Connection: Keep-Alive[\r][\n]"
[2022-06-29 09:22:33] - http-outgoing-1 >> "User-Agent: Apache-HttpClient/4.5.13 (Java/18.0.1)[\r][\n]"
[2022-06-29 09:22:33] - http-outgoing-1 >> "Accept-Encoding: gzip,deflate[\r][\n]"
[2022-06-29 09:22:33] - http-outgoing-1 >> "[\r][\n]"
[2022-06-29 09:22:33] - http-outgoing-1 << "HTTP/1.1 200 [\r][\n]"
[2022-06-29 09:22:33] - http-outgoing-1 << "Content-Type: application/json[\r][\n]"
[2022-06-29 09:22:33] - http-outgoing-1 << "Content-Length: 0[\r][\n]"
[2022-06-29 09:22:33] - http-outgoing-1 << "Date: Wed, 29 Jun 2022 08:22:32 GMT[\r][\n]"
[2022-06-29 09:22:33] - http-outgoing-1 << "Keep-Alive: timeout=60[\r][\n]"
[2022-06-29 09:22:33] - http-outgoing-1 << "Connection: keep-alive[\r][\n]"
[2022-06-29 09:22:33] - http-outgoing-1 << "[\r][\n]"
[2022-06-29 09:22:33] - http-outgoing-1 << HTTP/1.1 200 
[2022-06-29 09:22:33] - http-outgoing-1 << Content-Type: application/json
[2022-06-29 09:22:33] - http-outgoing-1 << Content-Length: 0
[2022-06-29 09:22:33] - http-outgoing-1 << Date: Wed, 29 Jun 2022 08:22:32 GMT
[2022-06-29 09:22:33] - http-outgoing-1 << Keep-Alive: timeout=60
[2022-06-29 09:22:33] - http-outgoing-1 << Connection: keep-alive
[2022-06-29 09:22:33] - Connection can be kept alive for 60000 MILLISECONDS
[2022-06-29 09:22:33] - Connection [id: 1][route: {}->http://localhost:8761] can be kept alive for 60.0 seconds
[2022-06-29 09:22:33] - http-outgoing-1: set socket timeout to 0
[2022-06-29 09:22:33] - Connection released: [id: 1][route: {}->http://localhost:8761][total available: 1; route allocated: 1 of 2; total allocated: 1 of 20]
[2022-06-29 09:22:33] - Response 200 OK
[2022-06-29 09:22:33] - DiscoveryClient_LOGGINGAPPLICATION/192.168.0.75:loggingapplication:8001 - Heartbeat status: 200
[2022-06-29 09:22:33] - HTTP GET http://localhost:8761/eureka/apps/delta
[2022-06-29 09:22:33] - Accept=[application/json, application/*+json]
[2022-06-29 09:22:33] - CookieSpec selected: default
[2022-06-29 09:22:33] - Auth cache not set in the context
[2022-06-29 09:22:33] - Connection request: [route: {}->http://localhost:8761][total available: 1; route allocated: 1 of 2; total allocated: 1 of 20]
[2022-06-29 09:22:33] - http-outgoing-0 << "[read] I/O error: Read timed out"
[2022-06-29 09:22:33] - Connection leased: [id: 0][route: {}->http://localhost:8761][total available: 0; route allocated: 1 of 2; total allocated: 1 of 20]
[2022-06-29 09:22:33] - http-outgoing-0: set socket timeout to 0
[2022-06-29 09:22:33] - Executing request GET /eureka/apps/delta HTTP/1.1
[2022-06-29 09:22:33] - Target auth state: UNCHALLENGED
[2022-06-29 09:22:33] - Proxy auth state: UNCHALLENGED
[2022-06-29 09:22:33] - http-outgoing-0 >> GET /eureka/apps/delta HTTP/1.1
[2022-06-29 09:22:33] - http-outgoing-0 >> Accept: application/json, application/*+json
[2022-06-29 09:22:33] - http-outgoing-0 >> Host: localhost:8761
[2022-06-29 09:22:33] - http-outgoing-0 >> Connection: Keep-Alive
[2022-06-29 09:22:33] - http-outgoing-0 >> User-Agent: Apache-HttpClient/4.5.13 (Java/18.0.1)
[2022-06-29 09:22:33] - http-outgoing-0 >> Accept-Encoding: gzip,deflate
[2022-06-29 09:22:33] - http-outgoing-0 >> "GET /eureka/apps/delta HTTP/1.1[\r][\n]"
[2022-06-29 09:22:33] - http-outgoing-0 >> "Accept: application/json, application/*+json[\r][\n]"
[2022-06-29 09:22:33] - http-outgoing-0 >> "Host: localhost:8761[\r][\n]"
[2022-06-29 09:22:33] - http-outgoing-0 >> "Connection: Keep-Alive[\r][\n]"
[2022-06-29 09:22:33] - http-outgoing-0 >> "User-Agent: Apache-HttpClient/4.5.13 (Java/18.0.1)[\r][\n]"
[2022-06-29 09:22:33] - http-outgoing-0 >> "Accept-Encoding: gzip,deflate[\r][\n]"
[2022-06-29 09:22:33] - http-outgoing-0 >> "[\r][\n]"
[2022-06-29 09:22:33] - http-outgoing-0 << "HTTP/1.1 200 [\r][\n]"
[2022-06-29 09:22:33] - http-outgoing-0 << "Content-Encoding: gzip[\r][\n]"
[2022-06-29 09:22:33] - http-outgoing-0 << "Content-Type: application/json[\r][\n]"
[2022-06-29 09:22:33] - http-outgoing-0 << "Content-Length: 86[\r][\n]"
[2022-06-29 09:22:33] - http-outgoing-0 << "Date: Wed, 29 Jun 2022 08:22:32 GMT[\r][\n]"
[2022-06-29 09:22:33] - http-outgoing-0 << "Keep-Alive: timeout=60[\r][\n]"
[2022-06-29 09:22:33] - http-outgoing-0 << "Connection: keep-alive[\r][\n]"
[2022-06-29 09:22:33] - http-outgoing-0 << "[\r][\n]"
[2022-06-29 09:22:33] - http-outgoing-0 << "[0x1f][0x8b][0x8][0x0][0x0][0x0][0x0][0x0][0x0][0xff][0xab]VJ,([0xc8][0xc9]LN,[0xc9][0xcc][0xcf]+V[0xb2][0xaa]V*K-*[0x6][0xb1][0xe3][0xe3]SRsJ[0x12][0x95][0xac][0x94][0xc][0x8d][0x94]t@[0xca][0x80]B[0x19][0x89][0xc5][0x19][0xc9][0xf9])[0xa9]@[0xd1][0xd0][0x80]x[0xe3]x[0x88][0x4]L[0xbf][0x92]Utlm-[0x0][0xc][0xa8][0xe][0xd4]S[0x0][0x0][0x0]"
[2022-06-29 09:22:33] - http-outgoing-0 << HTTP/1.1 200 
[2022-06-29 09:22:33] - http-outgoing-0 << Content-Encoding: gzip
[2022-06-29 09:22:33] - http-outgoing-0 << Content-Type: application/json
[2022-06-29 09:22:33] - http-outgoing-0 << Content-Length: 86
[2022-06-29 09:22:33] - http-outgoing-0 << Date: Wed, 29 Jun 2022 08:22:32 GMT
[2022-06-29 09:22:33] - http-outgoing-0 << Keep-Alive: timeout=60
[2022-06-29 09:22:33] - http-outgoing-0 << Connection: keep-alive
[2022-06-29 09:22:33] - Connection can be kept alive for 60000 MILLISECONDS
[2022-06-29 09:22:33] - Response 200 OK
[2022-06-29 09:22:33] - Reading to [org.springframework.cloud.netflix.eureka.http.EurekaApplications]
[2022-06-29 09:22:33] - Connection [id: 0][route: {}->http://localhost:8761] can be kept alive for 60.0 seconds
[2022-06-29 09:22:33] - http-outgoing-0: set socket timeout to 0
[2022-06-29 09:22:33] - Connection released: [id: 0][route: {}->http://localhost:8761][total available: 1; route allocated: 1 of 2; total allocated: 1 of 20]
[2022-06-29 09:22:33] - Got delta update with apps hashcode UP_3_
[2022-06-29 09:22:33] - The total number of instances fetched by the delta processor : 0
[2022-06-29 09:22:33] - The total number of all instances in the client now is 3
[2022-06-29 09:22:33] - Completed cache refresh task for discovery. All Apps hash code is Local region apps hashcode: UP_3_, is fetching remote regions? false 
[2022-06-29 09:23:03] - HTTP PUT http://localhost:8761/eureka/apps/LOGGINGAPPLICATION/192.168.0.75:loggingapplication:8001?status=UP&lastDirtyTimestamp=1656490743180
[2022-06-29 09:23:03] - Accept=[application/json, application/*+json]
[2022-06-29 09:23:03] - CookieSpec selected: default
[2022-06-29 09:23:03] - Auth cache not set in the context
[2022-06-29 09:23:03] - Connection request: [route: {}->http://localhost:8761][total available: 1; route allocated: 1 of 2; total allocated: 1 of 20]
[2022-06-29 09:23:03] - http-outgoing-1 << "[read] I/O error: Read timed out"
[2022-06-29 09:23:03] - Connection leased: [id: 1][route: {}->http://localhost:8761][total available: 0; route allocated: 1 of 2; total allocated: 1 of 20]
[2022-06-29 09:23:03] - http-outgoing-1: set socket timeout to 0
[2022-06-29 09:23:03] - Executing request PUT /eureka/apps/LOGGINGAPPLICATION/192.168.0.75:loggingapplication:8001?status=UP&lastDirtyTimestamp=1656490743180 HTTP/1.1
[2022-06-29 09:23:03] - Target auth state: UNCHALLENGED
[2022-06-29 09:23:03] - Proxy auth state: UNCHALLENGED
[2022-06-29 09:23:03] - http-outgoing-1 >> PUT /eureka/apps/LOGGINGAPPLICATION/192.168.0.75:loggingapplication:8001?status=UP&lastDirtyTimestamp=1656490743180 HTTP/1.1
[2022-06-29 09:23:03] - http-outgoing-1 >> Accept: application/json, application/*+json
[2022-06-29 09:23:03] - http-outgoing-1 >> Content-Length: 0
[2022-06-29 09:23:03] - http-outgoing-1 >> Host: localhost:8761
[2022-06-29 09:23:03] - http-outgoing-1 >> Connection: Keep-Alive
[2022-06-29 09:23:03] - http-outgoing-1 >> User-Agent: Apache-HttpClient/4.5.13 (Java/18.0.1)
[2022-06-29 09:23:03] - http-outgoing-1 >> Accept-Encoding: gzip,deflate
[2022-06-29 09:23:03] - http-outgoing-1 >> "PUT /eureka/apps/LOGGINGAPPLICATION/192.168.0.75:loggingapplication:8001?status=UP&lastDirtyTimestamp=1656490743180 HTTP/1.1[\r][\n]"
[2022-06-29 09:23:03] - http-outgoing-1 >> "Accept: application/json, application/*+json[\r][\n]"
[2022-06-29 09:23:03] - http-outgoing-1 >> "Content-Length: 0[\r][\n]"
[2022-06-29 09:23:03] - http-outgoing-1 >> "Host: localhost:8761[\r][\n]"
[2022-06-29 09:23:03] - http-outgoing-1 >> "Connection: Keep-Alive[\r][\n]"
[2022-06-29 09:23:03] - http-outgoing-1 >> "User-Agent: Apache-HttpClient/4.5.13 (Java/18.0.1)[\r][\n]"
[2022-06-29 09:23:03] - http-outgoing-1 >> "Accept-Encoding: gzip,deflate[\r][\n]"
[2022-06-29 09:23:03] - http-outgoing-1 >> "[\r][\n]"
[2022-06-29 09:23:03] - http-outgoing-1 << "HTTP/1.1 200 [\r][\n]"
[2022-06-29 09:23:03] - http-outgoing-1 << "Content-Type: application/json[\r][\n]"
[2022-06-29 09:23:03] - http-outgoing-1 << "Content-Length: 0[\r][\n]"
