[2022-06-29 09:49:52] - Response 200 OK
[2022-06-29 09:49:52] - Reading to [org.springframework.cloud.netflix.eureka.http.EurekaApplications]
[2022-06-29 09:49:52] - Connection [id: 0][route: {}->http://localhost:8761] can be kept alive for 60.0 seconds
[2022-06-29 09:49:52] - http-outgoing-0: set socket timeout to 0
[2022-06-29 09:49:52] - Connection released: [id: 0][route: {}->http://localhost:8761][total available: 1; route allocated: 1 of 2; total allocated: 1 of 20]
[2022-06-29 09:49:52] - Got delta update with apps hashcode UP_3_
[2022-06-29 09:49:52] - Added instance 192.168.0.75:loggingapplication:8001 to the existing apps in region null
[2022-06-29 09:49:52] - The total number of instances fetched by the delta processor : 1
[2022-06-29 09:49:52] - The total number of all instances in the client now is 3
[2022-06-29 09:49:52] - Completed cache refresh task for discovery. All Apps hash code is Local region apps hashcode: UP_3_, is fetching remote regions? false 
[2022-06-29 09:49:54] - POST "/saveLogDetails", parameters={}
[2022-06-29 09:49:54] - Mapped to inspired.gaming.loggingapplication.controllers.LoggerController#saveLogDetails(LogDetails)
[2022-06-29 09:49:54] - Read "application/json;charset=UTF-8" to [LogDetails [messageType=INFO, message=Outside getWinnings, getMessageType()=INFO, getMessage()=Outsi (truncated)...]
[2022-06-29 09:49:54] - INFO->Outside getWinnings
[2022-06-29 09:49:54] - Using 'application/json', given [application/json, application/*+json] and supported [application/json, application/*+json, application/json, application/*+json]
[2022-06-29 09:49:54] - Writing [LogResponse [status=200, message=Log Details Saved Successfully., getStatus()=200, getMessage()=Log  (truncated)...]
[2022-06-29 09:49:54] - Completed 200 OK
[2022-06-29 09:50:22] - HTTP PUT http://localhost:8761/eureka/apps/LOGGINGAPPLICATION/192.168.0.75:loggingapplication:8001?status=UP&lastDirtyTimestamp=1656492442315
[2022-06-29 09:50:22] - Accept=[application/json, application/*+json]
[2022-06-29 09:50:22] - CookieSpec selected: default
[2022-06-29 09:50:22] - Auth cache not set in the context
[2022-06-29 09:50:22] - Connection request: [route: {}->http://localhost:8761][total available: 1; route allocated: 1 of 2; total allocated: 1 of 20]
[2022-06-29 09:50:22] - http-outgoing-1 << "[read] I/O error: Read timed out"
[2022-06-29 09:50:22] - Connection leased: [id: 1][route: {}->http://localhost:8761][total available: 0; route allocated: 1 of 2; total allocated: 1 of 20]
[2022-06-29 09:50:22] - http-outgoing-1: set socket timeout to 0
[2022-06-29 09:50:22] - Executing request PUT /eureka/apps/LOGGINGAPPLICATION/192.168.0.75:loggingapplication:8001?status=UP&lastDirtyTimestamp=1656492442315 HTTP/1.1
[2022-06-29 09:50:22] - Target auth state: UNCHALLENGED
[2022-06-29 09:50:22] - Proxy auth state: UNCHALLENGED
[2022-06-29 09:50:22] - http-outgoing-1 >> PUT /eureka/apps/LOGGINGAPPLICATION/192.168.0.75:loggingapplication:8001?status=UP&lastDirtyTimestamp=1656492442315 HTTP/1.1
[2022-06-29 09:50:22] - http-outgoing-1 >> Accept: application/json, application/*+json
[2022-06-29 09:50:22] - http-outgoing-1 >> Content-Length: 0
[2022-06-29 09:50:22] - http-outgoing-1 >> Host: localhost:8761
[2022-06-29 09:50:22] - http-outgoing-1 >> Connection: Keep-Alive
[2022-06-29 09:50:22] - http-outgoing-1 >> User-Agent: Apache-HttpClient/4.5.13 (Java/18.0.1)
[2022-06-29 09:50:22] - http-outgoing-1 >> Accept-Encoding: gzip,deflate
[2022-06-29 09:50:22] - http-outgoing-1 >> "PUT /eureka/apps/LOGGINGAPPLICATION/192.168.0.75:loggingapplication:8001?status=UP&lastDirtyTimestamp=1656492442315 HTTP/1.1[\r][\n]"
[2022-06-29 09:50:22] - http-outgoing-1 >> "Accept: application/json, application/*+json[\r][\n]"
[2022-06-29 09:50:22] - http-outgoing-1 >> "Content-Length: 0[\r][\n]"
[2022-06-29 09:50:22] - http-outgoing-1 >> "Host: localhost:8761[\r][\n]"
[2022-06-29 09:50:22] - http-outgoing-1 >> "Connection: Keep-Alive[\r][\n]"
[2022-06-29 09:50:22] - http-outgoing-1 >> "User-Agent: Apache-HttpClient/4.5.13 (Java/18.0.1)[\r][\n]"
[2022-06-29 09:50:22] - http-outgoing-1 >> "Accept-Encoding: gzip,deflate[\r][\n]"
[2022-06-29 09:50:22] - http-outgoing-1 >> "[\r][\n]"
[2022-06-29 09:50:22] - http-outgoing-1 << "HTTP/1.1 200 [\r][\n]"
[2022-06-29 09:50:22] - http-outgoing-1 << "Content-Type: application/json[\r][\n]"
[2022-06-29 09:50:22] - http-outgoing-1 << "Content-Length: 0[\r][\n]"
[2022-06-29 09:50:22] - http-outgoing-1 << "Date: Wed, 29 Jun 2022 08:50:22 GMT[\r][\n]"
[2022-06-29 09:50:22] - http-outgoing-1 << "Keep-Alive: timeout=60[\r][\n]"
[2022-06-29 09:50:22] - http-outgoing-1 << "Connection: keep-alive[\r][\n]"
[2022-06-29 09:50:22] - http-outgoing-1 << "[\r][\n]"
[2022-06-29 09:50:22] - http-outgoing-1 << HTTP/1.1 200 
[2022-06-29 09:50:22] - http-outgoing-1 << Content-Type: application/json
[2022-06-29 09:50:22] - http-outgoing-1 << Content-Length: 0
[2022-06-29 09:50:22] - http-outgoing-1 << Date: Wed, 29 Jun 2022 08:50:22 GMT
[2022-06-29 09:50:22] - http-outgoing-1 << Keep-Alive: timeout=60
[2022-06-29 09:50:22] - http-outgoing-1 << Connection: keep-alive
[2022-06-29 09:50:22] - Connection can be kept alive for 60000 MILLISECONDS
[2022-06-29 09:50:22] - Connection [id: 1][route: {}->http://localhost:8761] can be kept alive for 60.0 seconds
[2022-06-29 09:50:22] - http-outgoing-1: set socket timeout to 0
[2022-06-29 09:50:22] - Connection released: [id: 1][route: {}->http://localhost:8761][total available: 1; route allocated: 1 of 2; total allocated: 1 of 20]
[2022-06-29 09:50:22] - Response 200 OK
[2022-06-29 09:50:22] - DiscoveryClient_LOGGINGAPPLICATION/192.168.0.75:loggingapplication:8001 - Heartbeat status: 200
[2022-06-29 09:50:22] - HTTP GET http://localhost:8761/eureka/apps/delta
[2022-06-29 09:50:22] - Accept=[application/json, application/*+json]
[2022-06-29 09:50:22] - CookieSpec selected: default
[2022-06-29 09:50:22] - Auth cache not set in the context
[2022-06-29 09:50:22] - Connection request: [route: {}->http://localhost:8761][total available: 1; route allocated: 1 of 2; total allocated: 1 of 20]
[2022-06-29 09:50:22] - http-outgoing-0 << "[read] I/O error: Read timed out"
[2022-06-29 09:50:22] - Connection leased: [id: 0][route: {}->http://localhost:8761][total available: 0; route allocated: 1 of 2; total allocated: 1 of 20]
[2022-06-29 09:50:22] - http-outgoing-0: set socket timeout to 0
[2022-06-29 09:50:22] - Executing request GET /eureka/apps/delta HTTP/1.1
[2022-06-29 09:50:22] - Target auth state: UNCHALLENGED
[2022-06-29 09:50:22] - Proxy auth state: UNCHALLENGED
[2022-06-29 09:50:22] - http-outgoing-0 >> GET /eureka/apps/delta HTTP/1.1
[2022-06-29 09:50:22] - http-outgoing-0 >> Accept: application/json, application/*+json
[2022-06-29 09:50:22] - http-outgoing-0 >> Host: localhost:8761
[2022-06-29 09:50:22] - http-outgoing-0 >> Connection: Keep-Alive
[2022-06-29 09:50:22] - http-outgoing-0 >> User-Agent: Apache-HttpClient/4.5.13 (Java/18.0.1)
[2022-06-29 09:50:22] - http-outgoing-0 >> Accept-Encoding: gzip,deflate
[2022-06-29 09:50:22] - http-outgoing-0 >> "GET /eureka/apps/delta HTTP/1.1[\r][\n]"
[2022-06-29 09:50:22] - http-outgoing-0 >> "Accept: application/json, application/*+json[\r][\n]"
[2022-06-29 09:50:22] - http-outgoing-0 >> "Host: localhost:8761[\r][\n]"
[2022-06-29 09:50:22] - http-outgoing-0 >> "Connection: Keep-Alive[\r][\n]"
[2022-06-29 09:50:22] - http-outgoing-0 >> "User-Agent: Apache-HttpClient/4.5.13 (Java/18.0.1)[\r][\n]"
[2022-06-29 09:50:22] - http-outgoing-0 >> "Accept-Encoding: gzip,deflate[\r][\n]"
[2022-06-29 09:50:22] - http-outgoing-0 >> "[\r][\n]"
[2022-06-29 09:50:22] - http-outgoing-0 << "HTTP/1.1 200 [\r][\n]"
[2022-06-29 09:50:22] - http-outgoing-0 << "Content-Encoding: gzip[\r][\n]"
[2022-06-29 09:50:22] - http-outgoing-0 << "Content-Type: application/json[\r][\n]"
[2022-06-29 09:50:22] - http-outgoing-0 << "Content-Length: 529[\r][\n]"
[2022-06-29 09:50:22] - http-outgoing-0 << "Date: Wed, 29 Jun 2022 08:50:22 GMT[\r][\n]"
[2022-06-29 09:50:22] - http-outgoing-0 << "Keep-Alive: timeout=60[\r][\n]"
[2022-06-29 09:50:22] - http-outgoing-0 << "Connection: keep-alive[\r][\n]"
[2022-06-29 09:50:22] - http-outgoing-0 << "[\r][\n]"
[2022-06-29 09:50:22] - http-outgoing-0 << "[0x1f][0x8b][0x8][0x0][0x0][0x0][0x0][0x0][0x0][0xff][0x8d]S[0xdb][0x8e][0xda]0[0x10][0xfd][0x17]k[0x1f]QH[0xb8]u[0xc9][0xd3]"R[0xa1][0xa8][[0x88][0xca][0xd2]>[0xac]*[0xe4]:Cb[0xd5][0xb1]#[0xdb]a[0x8b][0x10][0xff][0xbe][0xe3][0xb8][0xa1][0xb0][0x17]u[0x95][0x87][0xc4][0xe3]3gf[0xce][0x9c][0x1c][0x9][0xad]k[0xc1][0x19][0xb5]\IC[0xe2]#[0xd9][0x83]6[0xee]{[0xbb][0xcd]AXJb2[0xc]I[0xcf][0xc1]0TRS2[0x95][0x3]F7[0xd9]v[0xb8][0xf5][0x17]]>[0x89][0x1f][0x8f]D[0xd2][0xca]][0xdf][0xaf][0x16][0x8b]t[0xb9][0x98]e[0xd9]}:[0x9f]=[0xa4][0xab]%b[0xb9]4[0x96]J[0x6]-[0xb0];[0xa4]9[0xc2][0xa3][0xe9] [0x88]&[0xb7]A[0x18]|[0x1a][0xc7]B[0x15][0x5][0x97][0xc5][0x5]s|[0x1b][0x86][0x11][0x12][0x94][0xca][0xd8][0xa5]/p[0x99][0xe1][0xdb]x[0xb7]j=[0xcb]s[0xfd]:[0x5][0xcb][0xdb][0xc6][0xb4][0xa3][0xe0]I[0xe1][0xe0][0x9a][0xe7]9[0xc8][0xf5]9[0xbe][0xfc][0xb2]\[0xfd]p[0x14][0xb5][0xd2][0xd6][0x89]sC[0xda]Nz[0xe4][0xe]$[0xfd]%[0xc0][0xb5]nu[0x3][0xe4][0x84]t[0xc0][0x1a][\r][0xd9]?[0xe4]h4[0xbc][0x2][0xee][0xa8]0-[0x92][0xa9]FZ}p[0x83]#UN-[0x9d][0x83][0xb4][0xa0]S[0xb9]S.[0xf7][0x8e][0x9]j\[0x3]LU[0x81][0x4][0xbb][0x13][0xfc]O[0x80][0x3]r[0xbc][0xf][0xd2]N6<[0xdc]$[0xb0][0xa3][0x8d][0xb0][0xc9]5E[0xaf][[0xc2][0xd7][0xc3][0xea]I[0xba][0x8a][0x2][0xa8][0x81][0x8e]^[0x83][0x84]'*R[0x87][0xdf][0xbb][0xf7][0x1a][0x18]V[0x1b][0x86][0xd8]K[0xa3][[0xbd][0xbb][0xd8][0x14]c[0x1a][\n]"
[2022-06-29 09:50:22] - http-outgoing-0 << "n[0xac][0x8f]?[0xf0][\n]"
[2022-06-29 09:50:22] - http-outgoing-0 << "[0xb0]|[0x85]ZG[0x93][0xf1]d4[0x1d][0xe0][0x90]a4[0xc1][\n]"
[2022-06-29 09:50:22] - http-outgoing-0 << "[0xd4][0xd8]o[0x9e][0xf8]}[0x10][0xec]9{A[0x13]:[0xe1]4[0xc6]aS[0xbf][0x95]8[0x18][0x87]![0xe]P[0x81][0xa5]N([0xd7]E%-[0xa0][0xc2]y[0x3][0xbf][0x17][0xd2][0xba][0xe3][0xe4][0xec]QA[0x86]w[0x1b]-0ZZ[[0xc7][0xfd][0xfe][0x95][0xb5][0x1c][0xb2][0xde][0xfd][0x7][0xb0][0x94][0xd9][0x86]Z[0xa5][0xfb][0xdc]+[[0x2][0x15][0xb6][0x9c][0x97][0xc0]~4[0xd3][0xa7]`[0xee][0xde];[0x11][0xda][0xdd][0xbe]69[0xe9]<[0xf4][0xfd][0xbf]8n[0xe6]J[0xe9][0x9c]K[0xc][0xc8]"[0xe1][0x86]9[0xfb][0x1e][0xd6][0xa8]$[0xe8][0xb3][0xd5][0xfc]V65[\n]"
[2022-06-29 09:50:22] - http-outgoing-0 << "[0x7][0xf9][0x85][0xb8][0xe4]j-a[0x9][0xd7][0xf6][0xf0]&h0[0x8c][0xda]?[0xcc][0xaf][0xee]P;g[0xcd][0x92][0xe4]sBN?[0xf1]9=[0x3][0xb2]e[\n]"
[2022-06-29 09:50:22] - http-outgoing-0 << "]D[0x4][0x0][0x0]"
[2022-06-29 09:50:22] - http-outgoing-0 << HTTP/1.1 200 
[2022-06-29 09:50:22] - http-outgoing-0 << Content-Encoding: gzip
[2022-06-29 09:50:22] - http-outgoing-0 << Content-Type: application/json
[2022-06-29 09:50:22] - http-outgoing-0 << Content-Length: 529
[2022-06-29 09:50:22] - http-outgoing-0 << Date: Wed, 29 Jun 2022 08:50:22 GMT
[2022-06-29 09:50:22] - http-outgoing-0 << Keep-Alive: timeout=60
[2022-06-29 09:50:22] - http-outgoing-0 << Connection: keep-alive
[2022-06-29 09:50:22] - Connection can be kept alive for 60000 MILLISECONDS
[2022-06-29 09:50:22] - Response 200 OK
[2022-06-29 09:50:22] - Reading to [org.springframework.cloud.netflix.eureka.http.EurekaApplications]
[2022-06-29 09:50:22] - Connection [id: 0][route: {}->http://localhost:8761] can be kept alive for 60.0 seconds
[2022-06-29 09:50:22] - http-outgoing-0: set socket timeout to 0
[2022-06-29 09:50:22] - Connection released: [id: 0][route: {}->http://localhost:8761][total available: 1; route allocated: 1 of 2; total allocated: 1 of 20]
[2022-06-29 09:50:22] - Got delta update with apps hashcode UP_3_
[2022-06-29 09:50:22] - Added instance 192.168.0.75:loggingapplication:8001 to the existing apps in region null
[2022-06-29 09:50:22] - The total number of instances fetched by the delta processor : 1
[2022-06-29 09:50:22] - The total number of all instances in the client now is 3
[2022-06-29 09:50:22] - Completed cache refresh task for discovery. All Apps hash code is Local region apps hashcode: UP_3_, is fetching remote regions? false 
