[2022-06-29 09:36:04] - HTTP PUT http://localhost:8761/eureka/apps/LOGGINGAPPLICATION/192.168.0.75:loggingapplication:8001?status=UP&lastDirtyTimestamp=1656490743180
[2022-06-29 09:36:04] - Accept=[application/json, application/*+json]
[2022-06-29 09:36:04] - CookieSpec selected: default
[2022-06-29 09:36:04] - Auth cache not set in the context
[2022-06-29 09:36:04] - Connection request: [route: {}->http://localhost:8761][total available: 1; route allocated: 1 of 2; total allocated: 1 of 20]
[2022-06-29 09:36:04] - http-outgoing-1 << "[read] I/O error: Read timed out"
[2022-06-29 09:36:04] - Connection leased: [id: 1][route: {}->http://localhost:8761][total available: 0; route allocated: 1 of 2; total allocated: 1 of 20]
[2022-06-29 09:36:04] - http-outgoing-1: set socket timeout to 0
[2022-06-29 09:36:04] - Executing request PUT /eureka/apps/LOGGINGAPPLICATION/192.168.0.75:loggingapplication:8001?status=UP&lastDirtyTimestamp=1656490743180 HTTP/1.1
[2022-06-29 09:36:04] - Target auth state: UNCHALLENGED
[2022-06-29 09:36:04] - Proxy auth state: UNCHALLENGED
[2022-06-29 09:36:04] - http-outgoing-1 >> PUT /eureka/apps/LOGGINGAPPLICATION/192.168.0.75:loggingapplication:8001?status=UP&lastDirtyTimestamp=1656490743180 HTTP/1.1
[2022-06-29 09:36:04] - http-outgoing-1 >> Accept: application/json, application/*+json
[2022-06-29 09:36:04] - http-outgoing-1 >> Content-Length: 0
[2022-06-29 09:36:04] - http-outgoing-1 >> Host: localhost:8761
[2022-06-29 09:36:04] - http-outgoing-1 >> Connection: Keep-Alive
[2022-06-29 09:36:04] - http-outgoing-1 >> User-Agent: Apache-HttpClient/4.5.13 (Java/18.0.1)
[2022-06-29 09:36:04] - http-outgoing-1 >> Accept-Encoding: gzip,deflate
[2022-06-29 09:36:04] - http-outgoing-1 >> "PUT /eureka/apps/LOGGINGAPPLICATION/192.168.0.75:loggingapplication:8001?status=UP&lastDirtyTimestamp=1656490743180 HTTP/1.1[\r][\n]"
[2022-06-29 09:36:04] - http-outgoing-1 >> "Accept: application/json, application/*+json[\r][\n]"
[2022-06-29 09:36:04] - http-outgoing-1 >> "Content-Length: 0[\r][\n]"
[2022-06-29 09:36:04] - http-outgoing-1 >> "Host: localhost:8761[\r][\n]"
[2022-06-29 09:36:04] - http-outgoing-1 >> "Connection: Keep-Alive[\r][\n]"
[2022-06-29 09:36:04] - http-outgoing-1 >> "User-Agent: Apache-HttpClient/4.5.13 (Java/18.0.1)[\r][\n]"
[2022-06-29 09:36:04] - http-outgoing-1 >> "Accept-Encoding: gzip,deflate[\r][\n]"
[2022-06-29 09:36:04] - http-outgoing-1 >> "[\r][\n]"
[2022-06-29 09:36:04] - http-outgoing-1 << "HTTP/1.1 200 [\r][\n]"
[2022-06-29 09:36:04] - http-outgoing-1 << "Content-Type: application/json[\r][\n]"
[2022-06-29 09:36:04] - http-outgoing-1 << "Content-Length: 0[\r][\n]"
[2022-06-29 09:36:04] - http-outgoing-1 << "Date: Wed, 29 Jun 2022 08:36:03 GMT[\r][\n]"
[2022-06-29 09:36:04] - http-outgoing-1 << "Keep-Alive: timeout=60[\r][\n]"
[2022-06-29 09:36:04] - http-outgoing-1 << "Connection: keep-alive[\r][\n]"
[2022-06-29 09:36:04] - http-outgoing-1 << "[\r][\n]"
[2022-06-29 09:36:04] - http-outgoing-1 << HTTP/1.1 200 
[2022-06-29 09:36:04] - http-outgoing-1 << Content-Type: application/json
[2022-06-29 09:36:04] - http-outgoing-1 << Content-Length: 0
[2022-06-29 09:36:04] - http-outgoing-1 << Date: Wed, 29 Jun 2022 08:36:03 GMT
[2022-06-29 09:36:04] - http-outgoing-1 << Keep-Alive: timeout=60
[2022-06-29 09:36:04] - http-outgoing-1 << Connection: keep-alive
[2022-06-29 09:36:04] - Connection can be kept alive for 60000 MILLISECONDS
[2022-06-29 09:36:04] - Connection [id: 1][route: {}->http://localhost:8761] can be kept alive for 60.0 seconds
[2022-06-29 09:36:04] - http-outgoing-1: set socket timeout to 0
[2022-06-29 09:36:04] - Connection released: [id: 1][route: {}->http://localhost:8761][total available: 1; route allocated: 1 of 2; total allocated: 1 of 20]
[2022-06-29 09:36:04] - Response 200 OK
[2022-06-29 09:36:04] - DiscoveryClient_LOGGINGAPPLICATION/192.168.0.75:loggingapplication:8001 - Heartbeat status: 200
[2022-06-29 09:36:04] - HTTP GET http://localhost:8761/eureka/apps/delta
[2022-06-29 09:36:04] - Accept=[application/json, application/*+json]
[2022-06-29 09:36:04] - CookieSpec selected: default
[2022-06-29 09:36:04] - Auth cache not set in the context
[2022-06-29 09:36:04] - Connection request: [route: {}->http://localhost:8761][total available: 1; route allocated: 1 of 2; total allocated: 1 of 20]
[2022-06-29 09:36:04] - http-outgoing-2 << "[read] I/O error: Read timed out"
[2022-06-29 09:36:04] - Connection leased: [id: 2][route: {}->http://localhost:8761][total available: 0; route allocated: 1 of 2; total allocated: 1 of 20]
[2022-06-29 09:36:04] - http-outgoing-2: set socket timeout to 0
[2022-06-29 09:36:04] - Executing request GET /eureka/apps/delta HTTP/1.1
[2022-06-29 09:36:04] - Target auth state: UNCHALLENGED
[2022-06-29 09:36:04] - Proxy auth state: UNCHALLENGED
[2022-06-29 09:36:04] - http-outgoing-2 >> GET /eureka/apps/delta HTTP/1.1
[2022-06-29 09:36:04] - http-outgoing-2 >> Accept: application/json, application/*+json
[2022-06-29 09:36:04] - http-outgoing-2 >> Host: localhost:8761
[2022-06-29 09:36:04] - http-outgoing-2 >> Connection: Keep-Alive
[2022-06-29 09:36:04] - http-outgoing-2 >> User-Agent: Apache-HttpClient/4.5.13 (Java/18.0.1)
[2022-06-29 09:36:04] - http-outgoing-2 >> Accept-Encoding: gzip,deflate
[2022-06-29 09:36:04] - http-outgoing-2 >> "GET /eureka/apps/delta HTTP/1.1[\r][\n]"
[2022-06-29 09:36:04] - http-outgoing-2 >> "Accept: application/json, application/*+json[\r][\n]"
[2022-06-29 09:36:04] - http-outgoing-2 >> "Host: localhost:8761[\r][\n]"
[2022-06-29 09:36:04] - http-outgoing-2 >> "Connection: Keep-Alive[\r][\n]"
[2022-06-29 09:36:04] - http-outgoing-2 >> "User-Agent: Apache-HttpClient/4.5.13 (Java/18.0.1)[\r][\n]"
[2022-06-29 09:36:04] - http-outgoing-2 >> "Accept-Encoding: gzip,deflate[\r][\n]"
[2022-06-29 09:36:04] - http-outgoing-2 >> "[\r][\n]"
[2022-06-29 09:36:04] - http-outgoing-2 << "HTTP/1.1 200 [\r][\n]"
[2022-06-29 09:36:04] - http-outgoing-2 << "Content-Encoding: gzip[\r][\n]"
[2022-06-29 09:36:04] - http-outgoing-2 << "Content-Type: application/json[\r][\n]"
[2022-06-29 09:36:04] - http-outgoing-2 << "Content-Length: 533[\r][\n]"
[2022-06-29 09:36:04] - http-outgoing-2 << "Date: Wed, 29 Jun 2022 08:36:03 GMT[\r][\n]"
[2022-06-29 09:36:04] - http-outgoing-2 << "Keep-Alive: timeout=60[\r][\n]"
[2022-06-29 09:36:04] - http-outgoing-2 << "Connection: keep-alive[\r][\n]"
[2022-06-29 09:36:04] - http-outgoing-2 << "[\r][\n]"
[2022-06-29 09:36:04] - http-outgoing-2 << "[0x1f][0x8b][0x8][0x0][0x0][0x0][0x0][0x0][0x0][0xff][0x8d]S[0xdb][0x8e][0xda]0[0x10][0xfd][0x17]k[0x1f]Q[0xb8][0x5][0x16][0xf2][0xb4][0x94]D[0x15][0xaa][0xc8][0xa2][0x2][0xad][0xaa][0xaa]B^g V[0x1d]'[0xb2]'l#[0xc4][0xbf]w[0x9c]4[0xec][0xd2][0xb2][0xea][0x8a][0x7][0xf0][0xcc][0x99][0xdb]9[0x87][0x13][0xe3]E[0xa1][0xa4][0xe0](smYpbG0[0xd6][0xfd][0xde][0xed][0x12]P[0xc8]Y[0xc0][0x6]=[0xd6]q0[\n]"
[2022-06-29 09:36:04] - http-outgoing-2 << "[0xa5][0xdc][0xa6]"O[0x80][0xa2][0xdb][0xd5]n[0xb8]k[0x12]m=[0xb][0xbe][0x9f][0x98][0xe6][0x99]K[0x88]6[0xcb]Y<[0xfb][0x18]-[0xa3]x[0xb3][0xfe][0xb6][0xde]DK[0x2]Km[0x91]k[0x1]5[0xb2]},[0x12][0xc2][0xf7][0xa7][0x3][0xaf]?[0x9e]x=[0xef]~[0x14]<[0x1]f\[0xf3][0x3]d[0xa0][0xd1]V[0x16]![0xb]&[0xbd][0x9e][0xdb]#[0xcd]-[0xc6][0xcd][0x88][0xd7]%[0xcd]"o[0xcf]-fIb[0xfe][0xad][0xa1][0x5][0xb0][0xb4][0xf5]5[0xf4][0xca][0xe9]v#[0x93][0x4][0xf4][0xfa][0x12][0x8f]?[0xc5][0x8f]_cJ[0x16][0xb9]A[0xc7][0xcf][0x1d][0xab]W[0xe9][0xb0][0x7][0xd0][0xfc]I[0x81][[0x1e]M[0x9][0xec]L[0xed]@[0x94][0x6]V/H[0xdf][0x1f]^[0x1][0xf7]\[0xd9][0x1a])[0xf2]R[0xa3][0xa9][0xdc][0xe9][0xfd][0xe]K8[0xf2]9[0x9d][\n]"
[2022-06-29 09:36:04] - http-outgoing-2 << "f[0xa1][0xf7][0xb9][0xab]}[0x10][0x8a][[0xb7][0x80][0xc8]3O[0x3][0xee][0x95][0xfc][0xe5][0xd1][0x85][0x92][0xf2][0xde][0xa2]%[0x8e][0x1e]w![0xec]y[0xa9]0[0xbc]n[0xd1]iuXV[0x8f][0xcf][0xda]MT[0xc0]-[0xb4][0xed][\r]hx[0xe6]j[0xe1][0xf0]G[0xf7][0xbd][0x6]A[0xd3][0x86]tVR[0x9a]Z[0xcc]66[0xa5][0x98][0x81][0x83][0xb4][0xd8][0xc4]72[0x3][0x1a][0x9f][0x11][0xd9][0xfd][0xf1]h[0xec]O[0xfb]c[0xe4][0x8f][0xa6]4[0x81][[0xfc][0xdc]4~[0x1b][0x4]G)[0xfe]j[0xd3]s[0xc4][0x19][0x8a][0xc3][0xb6][0xb8]U[0xe8]O[0xfd][0x9][0x1d][0x90][0x1]rG[0x94][0xdb][0xff][0xc5][0x1d]^[0xa3][0xb][0xab][0xed]qv[0xfe][0xc8]`E[0xb9][0xad]Q[0x14]M[0x11][0x8b][0xa0][0xdb][0xbd]2[0x97]Cv/[0xda][0xbf][0x3][0xcb][0x5][0x96][0x1c]s[0xd3][0x95][\r][0xb3])p[0x85][0xe9]<[0x5][0xf1][0xf3][0xbd][0x95]M[0x9][0xd5][0x1e][0x1b]'B[0xad][0xed][\r][0x9b][0xb3][0xd6]D_[0xfe][0xf][0x94]v[0x9e][0xe7]&[0x91][0x9a]t[0xd1][0x87]PZ[0xe1][0xc]\[0xad][0x89]K0[0x17][0xb3]5[0xba]l[0xb][0xa2][0xe][0x92]W[0xf4][0xb2]+a[0xfe][0xc0]Bi[0xb0][0xba][0x9][0xf2]'[0xf7][0x3][0xf7]'k[0xc4][0xab][\n]"
[2022-06-29 09:36:04] - http-outgoing-2 << "[0xe7][0xad]Y[0x18]F!;[0xff][0xa0][0xcf][0xf9]7[0x12][0xba]X'I[0x4][0x0][0x0]"
[2022-06-29 09:36:04] - http-outgoing-2 << HTTP/1.1 200 
[2022-06-29 09:36:04] - http-outgoing-2 << Content-Encoding: gzip
[2022-06-29 09:36:04] - http-outgoing-2 << Content-Type: application/json
[2022-06-29 09:36:04] - http-outgoing-2 << Content-Length: 533
[2022-06-29 09:36:04] - http-outgoing-2 << Date: Wed, 29 Jun 2022 08:36:03 GMT
[2022-06-29 09:36:04] - http-outgoing-2 << Keep-Alive: timeout=60
[2022-06-29 09:36:04] - http-outgoing-2 << Connection: keep-alive
[2022-06-29 09:36:04] - Connection can be kept alive for 60000 MILLISECONDS
[2022-06-29 09:36:04] - Response 200 OK
[2022-06-29 09:36:04] - Reading to [org.springframework.cloud.netflix.eureka.http.EurekaApplications]
[2022-06-29 09:36:04] - Connection [id: 2][route: {}->http://localhost:8761] can be kept alive for 60.0 seconds
[2022-06-29 09:36:04] - http-outgoing-2: set socket timeout to 0
[2022-06-29 09:36:04] - Connection released: [id: 2][route: {}->http://localhost:8761][total available: 1; route allocated: 1 of 2; total allocated: 1 of 20]
[2022-06-29 09:36:04] - Got delta update with apps hashcode UP_3_
[2022-06-29 09:36:04] - Added instance 192.168.0.75:betmanagementsystem:8000 to the existing apps in region null
[2022-06-29 09:36:04] - The total number of instances fetched by the delta processor : 1
[2022-06-29 09:36:04] - The total number of all instances in the client now is 3
[2022-06-29 09:36:04] - Completed cache refresh task for discovery. All Apps hash code is Local region apps hashcode: UP_3_, is fetching remote regions? false 
[2022-06-29 09:47:14] - Starting LoggingapplicationApplication using Java 18.0.1 on DESKTOP-NQ7QB67 with PID 13336 (C:\Users\user\OneDrive\Desktop\Inspired Gaming\loggingapplication\target\classes started by user in C:\Users\user\OneDrive\Desktop\Inspired Gaming\loggingapplication)
[2022-06-29 09:47:14] - Running with Spring Boot v2.7.1, Spring v5.3.21
[2022-06-29 09:47:14] - No active profile set, falling back to 1 default profile: "default"
[2022-06-29 09:47:14] - Loading source class inspired.gaming.loggingapplication.LoggingapplicationApplication
[2022-06-29 09:47:14] - Refreshing org.springframework.boot.web.servlet.context.AnnotationConfigServletWebServerApplicationContext@aa549e5
[2022-06-29 09:47:14] - Creating shared instance of singleton bean 'org.springframework.context.annotation.internalConfigurationAnnotationProcessor'
[2022-06-29 09:47:14] - Creating shared instance of singleton bean 'org.springframework.boot.autoconfigure.internalCachingMetadataReaderFactory'
[2022-06-29 09:47:15] - Identified candidate component class: file [C:\Users\user\OneDrive\Desktop\Inspired Gaming\loggingapplication\target\classes\inspired\gaming\loggingapplication\controllers\LoggerController.class]
