[2022-06-29 09:47:16] - BeanFactory id=24b19948-89ae-36a9-b314-b5d3e4f50d97
[2022-06-29 09:47:16] - Creating shared instance of singleton bean 'propertySourcesPlaceholderConfigurer'
[2022-06-29 09:47:16] - Creating shared instance of singleton bean 'org.springframework.boot.sql.init.dependency.DatabaseInitializationDependencyConfigurer$DependsOnDatabaseInitializationPostProcessor'
[2022-06-29 09:47:16] - Creating shared instance of singleton bean 'org.springframework.context.event.internalEventListenerProcessor'
[2022-06-29 09:47:16] - Creating shared instance of singleton bean 'preserveErrorControllerTargetClassPostProcessor'
[2022-06-29 09:47:16] - Creating shared instance of singleton bean 'forceAutoProxyCreatorToUseClassProxying'
[2022-06-29 09:47:16] - Creating shared instance of singleton bean 'org.springframework.context.event.internalEventListenerFactory'
[2022-06-29 09:47:16] - Creating shared instance of singleton bean 'org.springframework.context.annotation.internalAutowiredAnnotationProcessor'
[2022-06-29 09:47:16] - Creating shared instance of singleton bean 'org.springframework.context.annotation.internalCommonAnnotationProcessor'
[2022-06-29 09:47:16] - Creating shared instance of singleton bean 'org.springframework.boot.context.properties.ConfigurationPropertiesBindingPostProcessor'
[2022-06-29 09:47:16] - Creating shared instance of singleton bean 'org.springframework.boot.context.internalConfigurationPropertiesBinder'
[2022-06-29 09:47:16] - Creating shared instance of singleton bean 'org.springframework.boot.context.internalConfigurationPropertiesBinderFactory'
[2022-06-29 09:47:16] - Creating shared instance of singleton bean 'org.springframework.aop.config.internalAutoProxyCreator'
[2022-06-29 09:47:16] - Creating shared instance of singleton bean 'webServerFactoryCustomizerBeanPostProcessor'
[2022-06-29 09:47:16] - Creating shared instance of singleton bean 'errorPageRegistrarBeanPostProcessor'
[2022-06-29 09:47:16] - Creating shared instance of singleton bean 'configurationPropertiesBeans'
[2022-06-29 09:47:16] - Unable to locate ThemeSource with name 'themeSource': using default [org.springframework.ui.context.support.ResourceBundleThemeSource@1416a80a]
[2022-06-29 09:47:16] - Creating shared instance of singleton bean 'tomcatServletWebServerFactory'
[2022-06-29 09:47:16] - Creating shared instance of singleton bean 'org.springframework.boot.autoconfigure.web.servlet.ServletWebServerFactoryConfiguration$EmbeddedTomcat'
[2022-06-29 09:47:16] - Creating shared instance of singleton bean 'websocketServletWebServerCustomizer'
[2022-06-29 09:47:16] - Creating shared instance of singleton bean 'org.springframework.boot.autoconfigure.websocket.servlet.WebSocketServletAutoConfiguration$TomcatWebSocketConfiguration'
[2022-06-29 09:47:16] - Creating shared instance of singleton bean 'servletWebServerFactoryCustomizer'
[2022-06-29 09:47:16] - Creating shared instance of singleton bean 'org.springframework.boot.autoconfigure.web.servlet.ServletWebServerFactoryAutoConfiguration'
[2022-06-29 09:47:16] - Creating shared instance of singleton bean 'server-org.springframework.boot.autoconfigure.web.ServerProperties'
[2022-06-29 09:47:16] - Creating shared instance of singleton bean 'org.springframework.boot.context.properties.BoundConfigurationProperties'
[2022-06-29 09:47:16] - Creating shared instance of singleton bean 'defaultsBindHandlerAdvisor'
[2022-06-29 09:47:16] - Creating shared instance of singleton bean 'org.springframework.cloud.commons.config.CommonsConfigAutoConfiguration'
[2022-06-29 09:47:16] - Creating shared instance of singleton bean 'loadBalancerClientsDefaultsMappingsProvider'
[2022-06-29 09:47:16] - Creating shared instance of singleton bean 'org.springframework.cloud.client.loadbalancer.LoadBalancerDefaultMappingsProviderAutoConfiguration'
[2022-06-29 09:47:16] - Autowiring by type from bean name 'defaultsBindHandlerAdvisor' via factory method to bean named 'loadBalancerClientsDefaultsMappingsProvider'
[2022-06-29 09:47:16] - Autowiring by type from bean name 'servletWebServerFactoryCustomizer' via factory method to bean named 'server-org.springframework.boot.autoconfigure.web.ServerProperties'
[2022-06-29 09:47:16] - Creating shared instance of singleton bean 'tomcatServletWebServerFactoryCustomizer'
[2022-06-29 09:47:16] - Autowiring by type from bean name 'tomcatServletWebServerFactoryCustomizer' via factory method to bean named 'server-org.springframework.boot.autoconfigure.web.ServerProperties'
[2022-06-29 09:47:16] - Creating shared instance of singleton bean 'tomcatWebServerFactoryCustomizer'
[2022-06-29 09:47:16] - Creating shared instance of singleton bean 'org.springframework.boot.autoconfigure.web.embedded.EmbeddedWebServerFactoryCustomizerAutoConfiguration$TomcatWebServerFactoryCustomizerConfiguration'
[2022-06-29 09:47:16] - Autowiring by type from bean name 'tomcatWebServerFactoryCustomizer' via factory method to bean named 'environment'
[2022-06-29 09:47:16] - Autowiring by type from bean name 'tomcatWebServerFactoryCustomizer' via factory method to bean named 'server-org.springframework.boot.autoconfigure.web.ServerProperties'
[2022-06-29 09:47:16] - Creating shared instance of singleton bean 'localeCharsetMappingsCustomizer'
[2022-06-29 09:47:16] - Creating shared instance of singleton bean 'org.springframework.boot.autoconfigure.web.servlet.HttpEncodingAutoConfiguration'
[2022-06-29 09:47:16] - Autowiring by type from bean name 'org.springframework.boot.autoconfigure.web.servlet.HttpEncodingAutoConfiguration' via constructor to bean named 'server-org.springframework.boot.autoconfigure.web.ServerProperties'
[2022-06-29 09:47:16] - Creating shared instance of singleton bean 'errorPageCustomizer'
[2022-06-29 09:47:16] - Creating shared instance of singleton bean 'org.springframework.boot.autoconfigure.web.servlet.error.ErrorMvcAutoConfiguration'
[2022-06-29 09:47:16] - Autowiring by type from bean name 'org.springframework.boot.autoconfigure.web.servlet.error.ErrorMvcAutoConfiguration' via constructor to bean named 'server-org.springframework.boot.autoconfigure.web.ServerProperties'
[2022-06-29 09:47:16] - Creating shared instance of singleton bean 'dispatcherServletRegistration'
[2022-06-29 09:47:16] - Creating shared instance of singleton bean 'org.springframework.boot.autoconfigure.web.servlet.DispatcherServletAutoConfiguration$DispatcherServletRegistrationConfiguration'
[2022-06-29 09:47:16] - Creating shared instance of singleton bean 'dispatcherServlet'
[2022-06-29 09:47:16] - Creating shared instance of singleton bean 'org.springframework.boot.autoconfigure.web.servlet.DispatcherServletAutoConfiguration$DispatcherServletConfiguration'
[2022-06-29 09:47:16] - Creating shared instance of singleton bean 'spring.mvc-org.springframework.boot.autoconfigure.web.servlet.WebMvcProperties'
[2022-06-29 09:47:16] - Autowiring by type from bean name 'dispatcherServlet' via factory method to bean named 'spring.mvc-org.springframework.boot.autoconfigure.web.servlet.WebMvcProperties'
[2022-06-29 09:47:16] - Autowiring by type from bean name 'dispatcherServletRegistration' via factory method to bean named 'dispatcherServlet'
[2022-06-29 09:47:16] - Autowiring by type from bean name 'dispatcherServletRegistration' via factory method to bean named 'spring.mvc-org.springframework.boot.autoconfigure.web.servlet.WebMvcProperties'
[2022-06-29 09:47:16] - Creating shared instance of singleton bean 'multipartConfigElement'
[2022-06-29 09:47:16] - Creating shared instance of singleton bean 'org.springframework.boot.autoconfigure.web.servlet.MultipartAutoConfiguration'
[2022-06-29 09:47:16] - Creating shared instance of singleton bean 'spring.servlet.multipart-org.springframework.boot.autoconfigure.web.servlet.MultipartProperties'
[2022-06-29 09:47:17] - Autowiring by type from bean name 'org.springframework.boot.autoconfigure.web.servlet.MultipartAutoConfiguration' via constructor to bean named 'spring.servlet.multipart-org.springframework.boot.autoconfigure.web.servlet.MultipartProperties'
[2022-06-29 09:47:17] - Autowiring by type from bean name 'errorPageCustomizer' via factory method to bean named 'dispatcherServletRegistration'
[2022-06-29 09:47:17] - Code archive: C:\Users\user\.m2\repository\org\springframework\boot\spring-boot\2.7.1\spring-boot-2.7.1.jar
[2022-06-29 09:47:17] - Code archive: C:\Users\user\.m2\repository\org\springframework\boot\spring-boot\2.7.1\spring-boot-2.7.1.jar
[2022-06-29 09:47:17] - None of the document roots [src/main/webapp, public, static] point to a directory and will be ignored.
[2022-06-29 09:47:17] - Tomcat initialized with port(s): 8001 (http)
[2022-06-29 09:47:17] - Initializing ProtocolHandler ["http-nio-8001"]
[2022-06-29 09:47:17] - Starting service [Tomcat]
[2022-06-29 09:47:17] - Starting Servlet engine: [Apache Tomcat/9.0.64]
[2022-06-29 09:47:17] - Initializing Spring embedded WebApplicationContext
[2022-06-29 09:47:17] - Published root WebApplicationContext as ServletContext attribute with name [org.springframework.web.context.WebApplicationContext.ROOT]
[2022-06-29 09:47:17] - Root WebApplicationContext: initialization completed in 2808 ms
[2022-06-29 09:47:17] - Creating shared instance of singleton bean 'requestContextFilter'
[2022-06-29 09:47:17] - Creating shared instance of singleton bean 'formContentFilter'
[2022-06-29 09:47:17] - Creating shared instance of singleton bean 'org.springframework.boot.autoconfigure.web.servlet.WebMvcAutoConfiguration'
[2022-06-29 09:47:17] - Creating shared instance of singleton bean 'characterEncodingFilter'
[2022-06-29 09:47:17] - Mapping filters: characterEncodingFilter urls=[/*] order=-2147483648, formContentFilter urls=[/*] order=-9900, requestContextFilter urls=[/*] order=-105
[2022-06-29 09:47:17] - Mapping servlets: dispatcherServlet urls=[/]
[2022-06-29 09:47:17] - Filter 'requestContextFilter' configured for use
[2022-06-29 09:47:17] - Filter 'characterEncodingFilter' configured for use
[2022-06-29 09:47:17] - Filter 'formContentFilter' configured for use
[2022-06-29 09:47:17] - Creating shared instance of singleton bean 'loggingapplicationApplication'
[2022-06-29 09:47:17] - Creating shared instance of singleton bean 'loggerController'
[2022-06-29 09:47:17] - Creating shared instance of singleton bean 'org.springframework.boot.autoconfigure.AutoConfigurationPackages'
[2022-06-29 09:47:17] - Creating shared instance of singleton bean 'org.springframework.boot.autoconfigure.context.PropertyPlaceholderAutoConfiguration'
[2022-06-29 09:47:17] - Creating shared instance of singleton bean 'org.springframework.boot.autoconfigure.websocket.servlet.WebSocketServletAutoConfiguration'
[2022-06-29 09:47:17] - Creating shared instance of singleton bean 'org.springframework.boot.context.properties.EnableConfigurationPropertiesRegistrar.methodValidationExcludeFilter'
[2022-06-29 09:47:17] - Creating shared instance of singleton bean 'org.springframework.boot.autoconfigure.web.servlet.DispatcherServletAutoConfiguration'
[2022-06-29 09:47:17] - Creating shared instance of singleton bean 'org.springframework.boot.autoconfigure.task.TaskExecutionAutoConfiguration'
[2022-06-29 09:47:17] - Creating shared instance of singleton bean 'taskExecutorBuilder'
