[2022-06-29 09:50:52] - HTTP PUT http://localhost:8761/eureka/apps/LOGGINGAPPLICATION/192.168.0.75:loggingapplication:8001?status=UP&lastDirtyTimestamp=1656492442315
[2022-06-29 09:50:52] - Accept=[application/json, application/*+json]
[2022-06-29 09:50:52] - CookieSpec selected: default
[2022-06-29 09:50:52] - Auth cache not set in the context
[2022-06-29 09:50:52] - Connection request: [route: {}->http://localhost:8761][total available: 1; route allocated: 1 of 2; total allocated: 1 of 20]
[2022-06-29 09:50:52] - http-outgoing-1 << "[read] I/O error: Read timed out"
[2022-06-29 09:50:52] - Connection leased: [id: 1][route: {}->http://localhost:8761][total available: 0; route allocated: 1 of 2; total allocated: 1 of 20]
[2022-06-29 09:50:52] - http-outgoing-1: set socket timeout to 0
[2022-06-29 09:50:52] - Executing request PUT /eureka/apps/LOGGINGAPPLICATION/192.168.0.75:loggingapplication:8001?status=UP&lastDirtyTimestamp=1656492442315 HTTP/1.1
[2022-06-29 09:50:52] - Target auth state: UNCHALLENGED
[2022-06-29 09:50:52] - Proxy auth state: UNCHALLENGED
[2022-06-29 09:50:52] - http-outgoing-1 >> PUT /eureka/apps/LOGGINGAPPLICATION/192.168.0.75:loggingapplication:8001?status=UP&lastDirtyTimestamp=1656492442315 HTTP/1.1
[2022-06-29 09:50:52] - http-outgoing-1 >> Accept: application/json, application/*+json
[2022-06-29 09:50:52] - http-outgoing-1 >> Content-Length: 0
[2022-06-29 09:50:52] - http-outgoing-1 >> Host: localhost:8761
[2022-06-29 09:50:52] - http-outgoing-1 >> Connection: Keep-Alive
[2022-06-29 09:50:52] - http-outgoing-1 >> User-Agent: Apache-HttpClient/4.5.13 (Java/18.0.1)
[2022-06-29 09:50:52] - http-outgoing-1 >> Accept-Encoding: gzip,deflate
[2022-06-29 09:50:52] - http-outgoing-1 >> "PUT /eureka/apps/LOGGINGAPPLICATION/192.168.0.75:loggingapplication:8001?status=UP&lastDirtyTimestamp=1656492442315 HTTP/1.1[\r][\n]"
[2022-06-29 09:50:52] - http-outgoing-1 >> "Accept: application/json, application/*+json[\r][\n]"
[2022-06-29 09:50:52] - http-outgoing-1 >> "Content-Length: 0[\r][\n]"
[2022-06-29 09:50:52] - http-outgoing-1 >> "Host: localhost:8761[\r][\n]"
[2022-06-29 09:50:52] - http-outgoing-1 >> "Connection: Keep-Alive[\r][\n]"
[2022-06-29 09:50:52] - http-outgoing-1 >> "User-Agent: Apache-HttpClient/4.5.13 (Java/18.0.1)[\r][\n]"
[2022-06-29 09:50:52] - http-outgoing-1 >> "Accept-Encoding: gzip,deflate[\r][\n]"
[2022-06-29 09:50:52] - http-outgoing-1 >> "[\r][\n]"
[2022-06-29 09:50:52] - http-outgoing-1 << "HTTP/1.1 200 [\r][\n]"
[2022-06-29 09:50:52] - http-outgoing-1 << "Content-Type: application/json[\r][\n]"
[2022-06-29 09:50:52] - http-outgoing-1 << "Content-Length: 0[\r][\n]"
[2022-06-29 09:50:52] - http-outgoing-1 << "Date: Wed, 29 Jun 2022 08:50:52 GMT[\r][\n]"
[2022-06-29 09:50:52] - http-outgoing-1 << "Keep-Alive: timeout=60[\r][\n]"
[2022-06-29 09:50:52] - http-outgoing-1 << "Connection: keep-alive[\r][\n]"
[2022-06-29 09:50:52] - http-outgoing-1 << "[\r][\n]"
[2022-06-29 09:50:52] - http-outgoing-1 << HTTP/1.1 200 
[2022-06-29 09:50:52] - http-outgoing-1 << Content-Type: application/json
[2022-06-29 09:50:52] - http-outgoing-1 << Content-Length: 0
[2022-06-29 09:50:52] - http-outgoing-1 << Date: Wed, 29 Jun 2022 08:50:52 GMT
[2022-06-29 09:50:52] - http-outgoing-1 << Keep-Alive: timeout=60
[2022-06-29 09:50:52] - http-outgoing-1 << Connection: keep-alive
[2022-06-29 09:50:52] - Connection can be kept alive for 60000 MILLISECONDS
[2022-06-29 09:50:52] - Connection [id: 1][route: {}->http://localhost:8761] can be kept alive for 60.0 seconds
[2022-06-29 09:50:52] - http-outgoing-1: set socket timeout to 0
[2022-06-29 09:50:52] - Connection released: [id: 1][route: {}->http://localhost:8761][total available: 1; route allocated: 1 of 2; total allocated: 1 of 20]
[2022-06-29 09:50:52] - Response 200 OK
[2022-06-29 09:50:52] - DiscoveryClient_LOGGINGAPPLICATION/192.168.0.75:loggingapplication:8001 - Heartbeat status: 200
[2022-06-29 09:50:52] - HTTP GET http://localhost:8761/eureka/apps/delta
[2022-06-29 09:50:52] - Accept=[application/json, application/*+json]
[2022-06-29 09:50:52] - CookieSpec selected: default
[2022-06-29 09:50:52] - Auth cache not set in the context
[2022-06-29 09:50:52] - Connection request: [route: {}->http://localhost:8761][total available: 1; route allocated: 1 of 2; total allocated: 1 of 20]
[2022-06-29 09:50:52] - http-outgoing-0 << "[read] I/O error: Read timed out"
[2022-06-29 09:50:52] - Connection leased: [id: 0][route: {}->http://localhost:8761][total available: 0; route allocated: 1 of 2; total allocated: 1 of 20]
[2022-06-29 09:50:52] - http-outgoing-0: set socket timeout to 0
[2022-06-29 09:50:52] - Executing request GET /eureka/apps/delta HTTP/1.1
[2022-06-29 09:50:52] - Target auth state: UNCHALLENGED
[2022-06-29 09:50:52] - Proxy auth state: UNCHALLENGED
[2022-06-29 09:50:52] - http-outgoing-0 >> GET /eureka/apps/delta HTTP/1.1
[2022-06-29 09:50:52] - http-outgoing-0 >> Accept: application/json, application/*+json
[2022-06-29 09:50:52] - http-outgoing-0 >> Host: localhost:8761
[2022-06-29 09:50:52] - http-outgoing-0 >> Connection: Keep-Alive
[2022-06-29 09:50:52] - http-outgoing-0 >> User-Agent: Apache-HttpClient/4.5.13 (Java/18.0.1)
[2022-06-29 09:50:52] - http-outgoing-0 >> Accept-Encoding: gzip,deflate
[2022-06-29 09:50:52] - http-outgoing-0 >> "GET /eureka/apps/delta HTTP/1.1[\r][\n]"
[2022-06-29 09:50:52] - http-outgoing-0 >> "Accept: application/json, application/*+json[\r][\n]"
[2022-06-29 09:50:52] - http-outgoing-0 >> "Host: localhost:8761[\r][\n]"
[2022-06-29 09:50:52] - http-outgoing-0 >> "Connection: Keep-Alive[\r][\n]"
[2022-06-29 09:50:52] - http-outgoing-0 >> "User-Agent: Apache-HttpClient/4.5.13 (Java/18.0.1)[\r][\n]"
[2022-06-29 09:50:52] - http-outgoing-0 >> "Accept-Encoding: gzip,deflate[\r][\n]"
[2022-06-29 09:50:52] - http-outgoing-0 >> "[\r][\n]"
[2022-06-29 09:50:52] - http-outgoing-0 << "HTTP/1.1 200 [\r][\n]"
[2022-06-29 09:50:52] - http-outgoing-0 << "Content-Encoding: gzip[\r][\n]"
[2022-06-29 09:50:52] - http-outgoing-0 << "Content-Type: application/json[\r][\n]"
[2022-06-29 09:50:52] - http-outgoing-0 << "Content-Length: 534[\r][\n]"
[2022-06-29 09:50:52] - http-outgoing-0 << "Date: Wed, 29 Jun 2022 08:50:52 GMT[\r][\n]"
[2022-06-29 09:50:52] - http-outgoing-0 << "Keep-Alive: timeout=60[\r][\n]"
[2022-06-29 09:50:52] - http-outgoing-0 << "Connection: keep-alive[\r][\n]"
[2022-06-29 09:50:52] - http-outgoing-0 << "[\r][\n]"
[2022-06-29 09:50:52] - http-outgoing-0 << "[0x1f][0x8b][0x8][0x0][0x0][0x0][0x0][0x0][0x0][0xff][0x8d]S[0xc1][0x8e][0xda]0[0x10][0xfd][0x17]k[0x8f]($[0x4][0xd8]%[0xa7]E[0xa4]BQ[0xb7][0x80][0xca][0xd2][0x1e][0xaa][\n]"
[2022-06-29 09:50:52] - http-outgoing-0 << "[0xb9][0xce][0x90]Xu[0xec][0xc8]v[0xd8]"[0xc4][0xbf][0xef]8n([0x94][0xad][0xba][0xca]![0xf1][0xf8][0xcd][0x9b][0x99]7/GB[0xeb]ZpF-W[0xd2][0x90][0xe4]H[0xf6][0xa0][0x8d][0xfb][0xde]ns[0x10][0x96][0x92][0x84][0xc4][0x11][0xe9]9[0x18][0x86]JjJ[0xa6]r[0xc0][0xe8]f[0xb5][0x8d][0xb7][0xfe][0xa2][0xcb]'[0xc9][0xb7]#[0x91][0xb4]r[0xd7]O[0xcb][0xf9]<[[0xcc][0xa7][0xab][0xd5]S6[0x9b]>g[0xcb][0x5]b[0xb9]4[0x96]J[0x6]-[0xb0];d9[0xc2][0xa3][0xc9] [0x88][0xc6][0xf]A[0x18][0xdc][0x8f][0x12][0xa1][0x8a][0x82][0xcb][0xe2][0x82]9y[0x8]C[0xd7]E[0xa9][0x8c]][0xf8][0x2][0x97][0x19][0xbe][0x8d]V[0xad][0xa7]y[0xae]oS[0xb0][0xbc]mL;[\n]"
[2022-06-29 09:50:52] - http-outgoing-0 << "[0x9e][0x14][0xe][0xae]y[0x9e][0x83]\[0x9f][0xe3][0x8b][0x8f][0x8b][0xe5]WGQ+m[0x9d]8w[0xa4][0xed][0xa4]G[0x1e]A[0xd2][0x1f][0x2]\[0xeb]V7@NH[0x7][0xac][0xd1][0xb0][0xfa][0x83][0x1c][0xe][0xe3]+[0xe0][0x8e][\n]"
[2022-06-29 09:50:52] - http-outgoing-0 << "[0xd3]"[0x99]j[0xa4][0xd5][0x7]78R[0xe5][0xd4][0xd2][0x19]H[0xb]:[0x93];[0xe5]r[0x1f][0x99][0xa0][0xc6]5[0xc0]T[0x15]H[0xb0];[0xc1][0x5]8 [0xc7][0xfb] [0xeb]d[0xc3][0xc3]][\n]"
[2022-06-29 09:50:52] - http-outgoing-0 << ";[0xda][0x8][0x9b]^S[0xf4][0xba]%|:,_[0xa4][0xab]([0x80][0x1a][0xe8][0xe8]5Hx[0xa1]"s[0xf8][0xbd]{[0xaf][0x81]a[0xb5]8[0xc4]^[0x1a][0xdd][0xea][0xdd][0xc5]&[0x18][0xd3]Ppc}[0xfc][0x99]W[0x80][0xe5]+[0xd4]:[0x1a][0x8f][0xc6][0xc3][0xc9][0x0][0x87][0xc][0xa3]1V[0xa0][0xc6]~[0xf6][0xc4][0xb7][0xa0][0xfb]([0xe][0xe3]a[0x8f][0xc0][0x9e][0xb3][0xbf]hB'[0x9c][0xc6]8l[0xea][0xb7][0xd8][0x7][0xa3]0[0xc4][0x1]*[0xb0][0xd4][0x9][0xe5][0xfa][0xaf][0xa8][0xa4][0x5]T8o[0xe0][0xf7]BZw[0x9c][0x9c]=*X[0xe1][0xdd]F[0xb][0x8c][0x96][0xd6][0xd6]I[0xbf]e-[0x87][0xec][0x9f]w[0xff][0xe],e[0xb6][0xa1]V[0xe9]>[0xf7][0xca][0x96]@[0x85]-g%[0xb0][0x9f][0xef][0xcd][0xf4])[0x98][0xbb][0xf7]N[0x84]v[0xb7][0xb7]&'[0x9d][0x87][0xbe][0xfc][0x17][0xc7][0xcd]L)[0x9d]s[0x89][0x1]Y[0xa4][0xdc]0g[0xdf][0xc3][0x1a][0x95][0x4]}[0xb6][0x9a][0xdf][0xca][0xa6]F[0xe1] [0xbf][0x10][0x97]\[0xed][0xee]7,[0xe5][0xda][0x1e][0xde][0x4][\r][0xe2][0xa8][0xfd][0xc3][0xfc][0xea][0xe][0xb5]s[0xd6]4M?[0xa4][0xe4][0xf4][0x1d][0x9f][0xd3]+[0xaa][0xb8]XfD[0x4][0x0][0x0]"
[2022-06-29 09:50:52] - http-outgoing-0 << HTTP/1.1 200 
[2022-06-29 09:50:52] - http-outgoing-0 << Content-Encoding: gzip
[2022-06-29 09:50:52] - http-outgoing-0 << Content-Type: application/json
[2022-06-29 09:50:52] - http-outgoing-0 << Content-Length: 534
[2022-06-29 09:50:52] - http-outgoing-0 << Date: Wed, 29 Jun 2022 08:50:52 GMT
[2022-06-29 09:50:52] - http-outgoing-0 << Keep-Alive: timeout=60
[2022-06-29 09:50:52] - http-outgoing-0 << Connection: keep-alive
[2022-06-29 09:50:52] - Connection can be kept alive for 60000 MILLISECONDS
[2022-06-29 09:50:52] - Response 200 OK
[2022-06-29 09:50:52] - Reading to [org.springframework.cloud.netflix.eureka.http.EurekaApplications]
[2022-06-29 09:50:52] - Connection [id: 0][route: {}->http://localhost:8761] can be kept alive for 60.0 seconds
[2022-06-29 09:50:52] - http-outgoing-0: set socket timeout to 0
[2022-06-29 09:50:52] - Connection released: [id: 0][route: {}->http://localhost:8761][total available: 1; route allocated: 1 of 2; total allocated: 1 of 20]
[2022-06-29 09:50:52] - Got delta update with apps hashcode UP_3_
[2022-06-29 09:50:52] - Added instance 192.168.0.75:loggingapplication:8001 to the existing apps in region null
[2022-06-29 09:50:52] - The total number of instances fetched by the delta processor : 1
[2022-06-29 09:50:52] - The total number of all instances in the client now is 3
[2022-06-29 09:50:52] - Completed cache refresh task for discovery. All Apps hash code is Local region apps hashcode: UP_3_, is fetching remote regions? false 
