[2022-06-29 09:29:33] - HTTP PUT http://localhost:8761/eureka/apps/LOGGINGAPPLICATION/192.168.0.75:loggingapplication:8001?status=UP&lastDirtyTimestamp=1656490743180
[2022-06-29 09:29:33] - HTTP GET http://localhost:8761/eureka/apps/delta
[2022-06-29 09:29:33] - Accept=[application/json, application/*+json]
[2022-06-29 09:29:33] - Accept=[application/json, application/*+json]
[2022-06-29 09:29:33] - CookieSpec selected: default
[2022-06-29 09:29:33] - CookieSpec selected: default
[2022-06-29 09:29:33] - Auth cache not set in the context
[2022-06-29 09:29:33] - Auth cache not set in the context
[2022-06-29 09:29:33] - Connection request: [route: {}->http://localhost:8761][total available: 1; route allocated: 1 of 2; total allocated: 1 of 20]
[2022-06-29 09:29:33] - Connection request: [route: {}->http://localhost:8761][total available: 1; route allocated: 1 of 2; total allocated: 1 of 20]
[2022-06-29 09:29:33] - http-outgoing-0 << "[read] I/O error: Read timed out"
[2022-06-29 09:29:33] - http-outgoing-1 << "[read] I/O error: Read timed out"
[2022-06-29 09:29:33] - Connection leased: [id: 0][route: {}->http://localhost:8761][total available: 0; route allocated: 1 of 2; total allocated: 1 of 20]
[2022-06-29 09:29:33] - http-outgoing-0: set socket timeout to 0
[2022-06-29 09:29:33] - Executing request GET /eureka/apps/delta HTTP/1.1
[2022-06-29 09:29:33] - Target auth state: UNCHALLENGED
[2022-06-29 09:29:33] - Proxy auth state: UNCHALLENGED
[2022-06-29 09:29:33] - Connection leased: [id: 1][route: {}->http://localhost:8761][total available: 0; route allocated: 1 of 2; total allocated: 1 of 20]
[2022-06-29 09:29:33] - http-outgoing-0 >> GET /eureka/apps/delta HTTP/1.1
[2022-06-29 09:29:33] - http-outgoing-1: set socket timeout to 0
[2022-06-29 09:29:33] - http-outgoing-0 >> Accept: application/json, application/*+json
[2022-06-29 09:29:33] - Executing request PUT /eureka/apps/LOGGINGAPPLICATION/192.168.0.75:loggingapplication:8001?status=UP&lastDirtyTimestamp=1656490743180 HTTP/1.1
[2022-06-29 09:29:33] - http-outgoing-0 >> Host: localhost:8761
[2022-06-29 09:29:33] - Target auth state: UNCHALLENGED
[2022-06-29 09:29:33] - http-outgoing-0 >> Connection: Keep-Alive
[2022-06-29 09:29:33] - Proxy auth state: UNCHALLENGED
[2022-06-29 09:29:33] - http-outgoing-0 >> User-Agent: Apache-HttpClient/4.5.13 (Java/18.0.1)
[2022-06-29 09:29:33] - http-outgoing-0 >> Accept-Encoding: gzip,deflate
[2022-06-29 09:29:33] - http-outgoing-0 >> "GET /eureka/apps/delta HTTP/1.1[\r][\n]"
[2022-06-29 09:29:33] - http-outgoing-1 >> PUT /eureka/apps/LOGGINGAPPLICATION/192.168.0.75:loggingapplication:8001?status=UP&lastDirtyTimestamp=1656490743180 HTTP/1.1
[2022-06-29 09:29:33] - http-outgoing-1 >> Accept: application/json, application/*+json
[2022-06-29 09:29:33] - http-outgoing-0 >> "Accept: application/json, application/*+json[\r][\n]"
[2022-06-29 09:29:33] - http-outgoing-1 >> Content-Length: 0
[2022-06-29 09:29:33] - http-outgoing-0 >> "Host: localhost:8761[\r][\n]"
[2022-06-29 09:29:33] - http-outgoing-1 >> Host: localhost:8761
[2022-06-29 09:29:33] - http-outgoing-0 >> "Connection: Keep-Alive[\r][\n]"
[2022-06-29 09:29:33] - http-outgoing-1 >> Connection: Keep-Alive
[2022-06-29 09:29:33] - http-outgoing-0 >> "User-Agent: Apache-HttpClient/4.5.13 (Java/18.0.1)[\r][\n]"
[2022-06-29 09:29:33] - http-outgoing-1 >> User-Agent: Apache-HttpClient/4.5.13 (Java/18.0.1)
[2022-06-29 09:29:33] - http-outgoing-0 >> "Accept-Encoding: gzip,deflate[\r][\n]"
[2022-06-29 09:29:33] - http-outgoing-1 >> Accept-Encoding: gzip,deflate
[2022-06-29 09:29:33] - http-outgoing-0 >> "[\r][\n]"
[2022-06-29 09:29:33] - http-outgoing-1 >> "PUT /eureka/apps/LOGGINGAPPLICATION/192.168.0.75:loggingapplication:8001?status=UP&lastDirtyTimestamp=1656490743180 HTTP/1.1[\r][\n]"
[2022-06-29 09:29:33] - http-outgoing-1 >> "Accept: application/json, application/*+json[\r][\n]"
[2022-06-29 09:29:33] - http-outgoing-1 >> "Content-Length: 0[\r][\n]"
[2022-06-29 09:29:33] - http-outgoing-1 >> "Host: localhost:8761[\r][\n]"
[2022-06-29 09:29:33] - http-outgoing-1 >> "Connection: Keep-Alive[\r][\n]"
[2022-06-29 09:29:33] - http-outgoing-1 >> "User-Agent: Apache-HttpClient/4.5.13 (Java/18.0.1)[\r][\n]"
[2022-06-29 09:29:33] - http-outgoing-1 >> "Accept-Encoding: gzip,deflate[\r][\n]"
[2022-06-29 09:29:33] - http-outgoing-1 >> "[\r][\n]"
[2022-06-29 09:29:33] - http-outgoing-0 << "HTTP/1.1 200 [\r][\n]"
[2022-06-29 09:29:33] - http-outgoing-1 << "HTTP/1.1 200 [\r][\n]"
[2022-06-29 09:29:33] - http-outgoing-0 << "Content-Encoding: gzip[\r][\n]"
[2022-06-29 09:29:33] - http-outgoing-1 << "Content-Type: application/json[\r][\n]"
[2022-06-29 09:29:33] - http-outgoing-0 << "Content-Type: application/json[\r][\n]"
[2022-06-29 09:29:33] - http-outgoing-1 << "Content-Length: 0[\r][\n]"
[2022-06-29 09:29:33] - http-outgoing-0 << "Content-Length: 530[\r][\n]"
[2022-06-29 09:29:33] - http-outgoing-0 << "Date: Wed, 29 Jun 2022 08:29:33 GMT[\r][\n]"
[2022-06-29 09:29:33] - http-outgoing-1 << "Date: Wed, 29 Jun 2022 08:29:33 GMT[\r][\n]"
[2022-06-29 09:29:33] - http-outgoing-0 << "Keep-Alive: timeout=60[\r][\n]"
[2022-06-29 09:29:33] - http-outgoing-0 << "Connection: keep-alive[\r][\n]"
[2022-06-29 09:29:33] - http-outgoing-1 << "Keep-Alive: timeout=60[\r][\n]"
[2022-06-29 09:29:33] - http-outgoing-0 << "[\r][\n]"
[2022-06-29 09:29:33] - http-outgoing-1 << "Connection: keep-alive[\r][\n]"
[2022-06-29 09:29:33] - http-outgoing-1 << "[\r][\n]"
[2022-06-29 09:29:33] - http-outgoing-0 << "[0x1f][0x8b][0x8][0x0][0x0][0x0][0x0][0x0][0x0][0xff][0x8d]R]o[0xda]@[0x10][0xfc]/[0xa7]<"c[0x7]0[0xe0][0xa7]PlU[0xa8][0xc2]A[0x5]ZUU[0x85].[0xe7][0x5][0x9f]j[0x9f][0xad][0xbb]5[0xa9][0x85][0xf8][0xef][0xdd][0xb3]k[0x12]Z[0xa2]F<[0x98][0xdb][0x9d][0xfd][0x9a][0x99][0x13][0xe3]e[0x99]I[0xc1]Q[0x16][0xca][0xb0][0xe0][0xc4][0x8e][0xa0][0x8d][0xfd][0xbf][0xdb]%[0x90]!g[0x1][0xf3][0xc6][0xac]ga[0x14]J[0xb9]IE[0x91][0x0]E[0xb7][0xab][0xdd]`[0xd7]&[0xba]z[0x16]|?1[0xc5]s[0x9b][0xfe][0x10]m[0x96][0xb3]x[0xf6]1ZF[0xf1]f[0xfd]m[0xbd][0x89][0x96][0x4][0x96][0xca] W[0x2][0x1a]d[0xf7]X$v[0xc8][0xf4][0xde][0xf1][0xfc][0x89][0xe3]:[0xe3]Q[0xf0][0x4][0x98]s[0xc5][0xf][0x90][0x83]BS[0x1b][0x84]<[0x98][0xb8][0xae]K[0x1d][0xd2][0xc2]`[0xdc][0x8e]x][0xd2].[0xf2][0xf6][0xdc]r[0x96]$[0xfa][0xdf][0x1a]Z[0x0]+[0xd3]\C[0xaf][0x82]n[0xd7]2I@[0xad]/[0xf1][0xf8]S[0xfc][0xf8]5[0xa6]dYh[0xb4][0xfc][0xdc][0xb1]f[0x95][0x1e]{[0x0][0xc5][0x9f]2[0xb0][0xcb][0xa3][0xae][0x80][0x9d][0xa9][0x1d][0x88]J[0xc3][0xea][0x5]9[0x1c][0xe][0xae][0x80]{[0x9e][0x99][0x6])[0x8a]J[0xa1][0xae][0xed][0xe9]^[0x8f]%[0x1c][0xf9][0x9c]N[0x5][0xbd]P[0xfb][0xc2][0xd6]>[0x88][0x8c][0x1b][0xbb][0x80](rG[0x1][0xee]3[0xf9][0xcb][0xa1][0xb]%[0xe5][0x9d]EG[0x1c]=[0xee]B[0xd8][0xf3]*[0xc3][0xf0][0xba]E[0xaf][0xd3]aY?>+;1[0x3]n[0xa0]k[0xaf]A[0xc1]3[0xcf][0x16][0x16][0xb4][0xdf]5[0x8][0x9a]6[0xa0][0xb3][0x92]J7bv[0xb1])[0xc5]4[0x1c][0xa4][0xc1]6[0xbe][0x91]9[0xd0][0xf8][0x9c][0xc8][0xf6][0xfc][0x91]?[0x9c]z[0x3][0xdf][0x1d][0xfb][0x13][0x9a][0xc0][\r]~n[0x1b][0xbf][\r][0x82][0xa3][0x14][0xb5]q-q[0x9a][0xe2][0xb0]-o[0x16][0xde][0xfb]C: [0x7][0xe4][0x96]([0xbb][0xff][0x8b];[0x9c]V[0x17][0xd6][0xd8][0xe3]l[0xfd][0x91][0xc3][0x8a]r[[0x9d]Q4E,[0x83]~[0xff][0xca]\[0x16][0xd9][0xbf]h[0xff][0xe],[0x17]Xq,t_[0xb6][0xcc][0xa6][0xc0]3L[0xe7])[0x88][0x9f][0xef][0xad]lK[0xa8][0xf6][0xd8]:[0x11][0x1a]mo[0xd8][0x9c]u&[0xfa][0xf2][0xa0]4[0xf3][0xa2][0xd0][0x89]T[0xa4][0x8b]:[0x84][0xd2][0x8]k[0xe0]zM\[0x82][0xbe][0x98][0xad][0xd5]e[[0x12]u[0x90][0xbc][0xa2][0x97]][0x9][0xf3][0x7][0x16]J[0x8d][0xf5]m[0x90]7[0xb2] [0xde][0x8a]W[0x97][0xd6][[0xb3]0[0x8c]Bv[0xfe]A[0xbf][0xf3]o[0x9c][0xf0]L[0xee]I[0x4][0x0][0x0]"
[2022-06-29 09:29:33] - http-outgoing-0 << HTTP/1.1 200 
[2022-06-29 09:29:33] - http-outgoing-1 << HTTP/1.1 200 
[2022-06-29 09:29:33] - http-outgoing-0 << Content-Encoding: gzip
[2022-06-29 09:29:33] - http-outgoing-1 << Content-Type: application/json
[2022-06-29 09:29:33] - http-outgoing-0 << Content-Type: application/json
[2022-06-29 09:29:33] - http-outgoing-1 << Content-Length: 0
[2022-06-29 09:29:33] - http-outgoing-0 << Content-Length: 530
[2022-06-29 09:29:33] - http-outgoing-0 << Date: Wed, 29 Jun 2022 08:29:33 GMT
[2022-06-29 09:29:33] - http-outgoing-0 << Keep-Alive: timeout=60
[2022-06-29 09:29:33] - http-outgoing-1 << Date: Wed, 29 Jun 2022 08:29:33 GMT
[2022-06-29 09:29:33] - http-outgoing-0 << Connection: keep-alive
[2022-06-29 09:29:33] - http-outgoing-1 << Keep-Alive: timeout=60
[2022-06-29 09:29:33] - http-outgoing-1 << Connection: keep-alive
[2022-06-29 09:29:33] - Connection can be kept alive for 60000 MILLISECONDS
[2022-06-29 09:29:33] - Connection can be kept alive for 60000 MILLISECONDS
[2022-06-29 09:29:33] - Connection [id: 1][route: {}->http://localhost:8761] can be kept alive for 60.0 seconds
[2022-06-29 09:29:33] - Response 200 OK
[2022-06-29 09:29:33] - http-outgoing-1: set socket timeout to 0
[2022-06-29 09:29:33] - Reading to [org.springframework.cloud.netflix.eureka.http.EurekaApplications]
[2022-06-29 09:29:33] - Connection released: [id: 1][route: {}->http://localhost:8761][total available: 1; route allocated: 1 of 2; total allocated: 1 of 20]
[2022-06-29 09:29:33] - Response 200 OK
[2022-06-29 09:29:33] - DiscoveryClient_LOGGINGAPPLICATION/192.168.0.75:loggingapplication:8001 - Heartbeat status: 200
[2022-06-29 09:29:33] - Connection [id: 0][route: {}->http://localhost:8761] can be kept alive for 60.0 seconds
[2022-06-29 09:29:33] - http-outgoing-0: set socket timeout to 0
[2022-06-29 09:29:33] - Connection released: [id: 0][route: {}->http://localhost:8761][total available: 1; route allocated: 1 of 2; total allocated: 1 of 20]
[2022-06-29 09:29:33] - Got delta update with apps hashcode UP_3_
[2022-06-29 09:29:33] - Added instance 192.168.0.75:betmanagementsystem:8000 to the existing apps in region null
[2022-06-29 09:29:33] - The total number of instances fetched by the delta processor : 1
[2022-06-29 09:29:33] - The total number of all instances in the client now is 3
[2022-06-29 09:29:33] - Completed cache refresh task for discovery. All Apps hash code is Local region apps hashcode: UP_3_, is fetching remote regions? false 
